0 verbose cli /home/dan/.cache/hermit/pkg/node@18/bin/node /home/dan/.cache/hermit/pkg/node@18/bin/npm
1 info using npm@8.19.3
2 info using node@v18.13.0
3 timing npm:load:whichnode Completed in 0ms
4 timing config:load:defaults Completed in 1ms
5 timing config:load:file:/home/dan/.cache/hermit/pkg/node@18/lib/node_modules/npm/npmrc Completed in 0ms
6 timing config:load:builtin Completed in 1ms
7 timing config:load:cli Completed in 1ms
8 timing config:load:env Completed in 0ms
9 timing config:load:project Completed in 1ms
10 timing config:load:file:/home/dan/.npmrc Completed in 0ms
11 timing config:load:user Completed in 0ms
12 timing config:load:file:/home/dan/Code/custom-wordle/.hermit/node/etc/npmrc Completed in 0ms
13 timing config:load:global Completed in 0ms
14 timing config:load:validate Completed in 0ms
15 timing config:load:credentials Completed in 0ms
16 timing config:load:setEnvs Completed in 0ms
17 timing config:load Completed in 5ms
18 timing npm:load:configload Completed in 5ms
19 timing npm:load:mkdirpcache Completed in 1ms
20 timing npm:load:mkdirplogs Completed in 0ms
21 verbose title npm install npm@9.4.0
22 verbose argv "install" "--global" "npm@9.4.0"
23 timing npm:load:setTitle Completed in 1ms
24 timing config:load:flatten Completed in 1ms
25 timing npm:load:display Completed in 2ms
26 verbose logfile logs-max:10 dir:/home/dan/Code/custom-wordle/.hermit/node/cache/_logs
27 verbose logfile /home/dan/Code/custom-wordle/.hermit/node/cache/_logs/2023-01-26T19_26_37_416Z-debug-0.log
28 timing npm:load:logFile Completed in 3ms
29 timing npm:load:timers Completed in 0ms
30 timing npm:load:configScope Completed in 0ms
31 timing npm:load Completed in 13ms
32 silly logfile done cleaning log files
33 http fetch GET 200 https://registry.npmjs.org/npm 13ms (cache hit)
34 timing arborist:ctor Completed in 0ms
35 timing idealTree:init Completed in 3ms
36 timing idealTree:userRequests Completed in 0ms
37 silly idealTree buildDeps
38 silly fetch manifest npm@9.4.0
39 http fetch GET 200 https://registry.npmjs.org/npm 5ms (cache hit)
40 silly placeDep ROOT npm@9.4.0 OK for:  want: 9.4.0
41 timing idealTree:#root Completed in 18ms
42 timing idealTree:node_modules/npm Completed in 0ms
43 timing idealTree:buildDeps Completed in 18ms
44 timing idealTree:fixDepFlags Completed in 1ms
45 timing idealTree Completed in 23ms
46 timing reify:loadTrees Completed in 24ms
47 timing reify:diffTrees Completed in 0ms
48 silly reify moves {}
49 timing reify:retireShallow Completed in 0ms
50 timing reify:createSparse Completed in 0ms
51 silly tarball no local data for npm@https://registry.npmjs.org/npm/-/npm-9.4.0.tgz. Extracting by manifest.
52 http fetch GET 200 https://registry.npmjs.org/npm/-/npm-9.4.0.tgz 729ms (cache miss)
53 timing reifyNode:node_modules/npm Completed in 733ms
54 timing arborist:ctor Completed in 0ms
55 timing reify:diffTrees Completed in 1ms
56 timing reify:loadBundles Completed in 871ms
57 silly audit bulk request {
57 silly audit   npm: [ '9.4.0' ],
57 silly audit   abbrev: [ '2.0.0', '1.1.1' ],
57 silly audit   'abort-controller': [ '3.0.0' ],
57 silly audit   agentkeepalive: [ '4.2.1' ],
57 silly audit   'agent-base': [ '6.0.2' ],
57 silly audit   'aggregate-error': [ '3.1.0' ],
57 silly audit   'ansi-regex': [ '5.0.1' ],
57 silly audit   aproba: [ '2.0.0' ],
57 silly audit   'ansi-styles': [ '4.3.0' ],
57 silly audit   archy: [ '1.0.0' ],
57 silly audit   'are-we-there-yet': [ '4.0.0', '3.0.1' ],
57 silly audit   'readable-stream': [ '4.2.0', '3.6.0' ],
57 silly audit   'balanced-match': [ '1.0.2' ],
57 silly audit   'base64-js': [ '1.5.1' ],
57 silly audit   'bin-links': [ '4.0.1' ],
57 silly audit   'binary-extensions': [ '2.2.0' ],
57 silly audit   'brace-expansion': [ '2.0.1', '1.1.11' ],
57 silly audit   builtins: [ '5.0.1' ],
57 silly audit   buffer: [ '6.0.3' ],
57 silly audit   chalk: [ '4.1.2' ],
57 silly audit   cacache: [ '17.0.3', '16.1.3' ],
57 silly audit   chownr: [ '2.0.0' ],
57 silly audit   'ci-info': [ '3.7.0' ],
57 silly audit   'cidr-regex': [ '3.1.1' ],
57 silly audit   'clean-stack': [ '2.2.0' ],
57 silly audit   'cli-columns': [ '4.0.0' ],
57 silly audit   clone: [ '1.0.4' ],
57 silly audit   'cli-table3': [ '0.6.3' ],
57 silly audit   'cmd-shim': [ '6.0.0' ],
57 silly audit   'color-convert': [ '2.0.1' ],
57 silly audit   'color-name': [ '1.1.4' ],
57 silly audit   'color-support': [ '1.1.3' ],
57 silly audit   columnify: [ '1.6.0' ],
57 silly audit   'common-ancestor-path': [ '1.0.1' ],
57 silly audit   'concat-map': [ '0.0.1' ],
57 silly audit   'console-control-strings': [ '1.1.0' ],
57 silly audit   cssesc: [ '3.0.0' ],
57 silly audit   debug: [ '4.3.4' ],
57 silly audit   ms: [ '2.1.2', '2.1.3' ],
57 silly audit   defaults: [ '1.0.3' ],
57 silly audit   delegates: [ '1.0.0' ],
57 silly audit   depd: [ '1.1.2' ],
57 silly audit   diff: [ '5.1.0' ],
57 silly audit   'emoji-regex': [ '8.0.0' ],
57 silly audit   encoding: [ '0.1.13' ],
57 silly audit   'env-paths': [ '2.2.1' ],
57 silly audit   'err-code': [ '2.0.3' ],
57 silly audit   'event-target-shim': [ '5.0.1' ],
57 silly audit   'fastest-levenshtein': [ '1.0.16' ],
57 silly audit   events: [ '3.3.0' ],
57 silly audit   'fs-minipass': [ '2.1.0' ],
57 silly audit   minipass: [ '3.3.6', '4.0.0' ],
57 silly audit   'fs.realpath': [ '1.0.0' ],
57 silly audit   'function-bind': [ '1.1.1' ],
57 silly audit   glob: [ '8.0.3', '7.2.3' ],
57 silly audit   gauge: [ '5.0.0', '4.0.4' ],
57 silly audit   'graceful-fs': [ '4.2.10' ],
57 silly audit   has: [ '1.0.3' ],
57 silly audit   'has-flag': [ '4.0.0' ],
57 silly audit   'has-unicode': [ '2.0.1' ],
57 silly audit   'hosted-git-info': [ '6.1.1' ],
57 silly audit   'http-cache-semantics': [ '4.1.0' ],
57 silly audit   'http-proxy-agent': [ '5.0.0' ],
57 silly audit   'https-proxy-agent': [ '5.0.1' ],
57 silly audit   'humanize-ms': [ '1.2.1' ],
57 silly audit   'iconv-lite': [ '0.6.3' ],
57 silly audit   ieee754: [ '1.2.1' ],
57 silly audit   'ignore-walk': [ '6.0.0' ],
57 silly audit   imurmurhash: [ '0.1.4' ],
57 silly audit   'indent-string': [ '4.0.0' ],
57 silly audit   'infer-owner': [ '1.0.4' ],
57 silly audit   inflight: [ '1.0.6' ],
57 silly audit   inherits: [ '2.0.4' ],
57 silly audit   ini: [ '3.0.1' ],
57 silly audit   'init-package-json': [ '4.0.1' ],
57 silly audit   'ip-regex': [ '4.3.0' ],
57 silly audit   ip: [ '2.0.0' ],
57 silly audit   'is-cidr': [ '4.0.2' ],
57 silly audit   'is-core-module': [ '2.10.0' ],
57 silly audit   'is-fullwidth-code-point': [ '3.0.0' ],
57 silly audit   'is-lambda': [ '1.0.1' ],
57 silly audit   isexe: [ '2.0.0' ],
57 silly audit   'json-parse-even-better-errors': [ '3.0.0' ],
57 silly audit   'json-stringify-nice': [ '1.1.4' ],
57 silly audit   jsonparse: [ '1.3.1' ],
57 silly audit   'just-diff': [ '5.1.1' ],
57 silly audit   'just-diff-apply': [ '5.4.1' ],
57 silly audit   libnpmaccess: [ '7.0.1' ],
57 silly audit   libnpmdiff: [ '5.0.8' ],
57 silly audit   libnpmexec: [ '5.0.8' ],
57 silly audit   libnpmfund: [ '4.0.8' ],
57 silly audit   libnpmhook: [ '9.0.1' ],
57 silly audit   libnpmorg: [ '5.0.1' ],
57 silly audit   libnpmpack: [ '5.0.8' ],
57 silly audit   libnpmpublish: [ '7.0.6' ],
57 silly audit   libnpmsearch: [ '6.0.1' ],
57 silly audit   libnpmteam: [ '5.0.1' ],
57 silly audit   libnpmversion: [ '4.0.1' ],
57 silly audit   'lru-cache': [ '7.13.2', '6.0.0' ],
57 silly audit   'make-fetch-happen': [ '11.0.2', '10.2.1' ],
57 silly audit   minimatch: [ '5.1.1', '5.1.0', '3.1.2' ],
57 silly audit   'minipass-collect': [ '1.0.2' ],
57 silly audit   'minipass-fetch': [ '3.0.1', '2.1.2' ],
57 silly audit   'minipass-flush': [ '1.0.5' ],
57 silly audit   'minipass-json-stream': [ '1.0.1' ],
57 silly audit   'minipass-pipeline': [ '1.2.4' ],
57 silly audit   'minipass-sized': [ '1.0.3' ],
57 silly audit   minizlib: [ '2.1.2' ],
57 silly audit   mkdirp: [ '1.0.4' ],
57 silly audit   'mute-stream': [ '0.0.8' ],
57 silly audit   negotiator: [ '0.6.3' ],
57 silly audit   'node-gyp': [ '9.3.0' ],
57 silly audit   npmlog: [ '6.0.2', '7.0.1' ],
57 silly audit   nopt: [ '6.0.0', '7.0.0' ],
57 silly audit   ssri: [ '9.0.1', '10.0.1' ],
57 silly audit   'unique-filename': [ '2.0.1', '3.0.0' ],
57 silly audit   'unique-slug': [ '3.0.0', '4.0.0' ],
57 silly audit   which: [ '2.0.2', '3.0.0' ],
57 silly audit   '@npmcli/fs': [ '2.1.2', '3.1.0' ],
57 silly audit   '@npmcli/move-file': [ '2.0.1' ],
57 silly audit   'normalize-package-data': [ '5.0.0' ],
57 silly audit   'npm-audit-report': [ '4.0.0' ],
57 silly audit   'npm-bundled': [ '3.0.0' ],
57 silly audit   'npm-install-checks': [ '6.0.0' ],
57 silly audit   'npm-normalize-package-bin': [ '3.0.0' ],
57 silly audit   'npm-package-arg': [ '10.1.0' ],
57 silly audit   'npm-packlist': [ '7.0.4' ],
57 silly audit   'npm-pick-manifest': [ '8.0.1' ],
57 silly audit   'npm-profile': [ '7.0.1' ],
57 silly audit   'npm-registry-fetch': [ '14.0.3' ],
57 silly audit   'npm-user-validate': [ '1.0.1' ],
57 silly audit   once: [ '1.4.0' ],
57 silly audit   'p-map': [ '4.0.0' ],
57 silly audit   pacote: [ '15.0.7' ],
57 silly audit   'parse-conflict-json': [ '3.0.0' ],
57 silly audit   'path-is-absolute': [ '1.0.1' ],
57 silly audit   'proc-log': [ '3.0.0' ],
57 silly audit   'postcss-selector-parser': [ '6.0.10' ],
57 silly audit   process: [ '0.11.10' ],
57 silly audit   'promise-all-reject-late': [ '1.0.1' ],
57 silly audit   'promise-call-limit': [ '1.0.1' ],
57 silly audit   'promise-inflight': [ '1.0.1' ],
57 silly audit   'promise-retry': [ '2.0.1' ],
57 silly audit   promzard: [ '0.3.0' ],
57 silly audit   'qrcode-terminal': [ '0.12.0' ],
57 silly audit   read: [ '1.0.7' ],
57 silly audit   'read-cmd-shim': [ '4.0.0' ],
57 silly audit   'read-package-json': [ '6.0.0' ],
57 silly audit   'read-package-json-fast': [ '3.0.1' ],
57 silly audit   retry: [ '0.12.0' ],
57 silly audit   rimraf: [ '3.0.2' ],
57 silly audit   'safe-buffer': [ '5.2.1' ],
57 silly audit   semver: [ '7.3.8' ],
57 silly audit   'safer-buffer': [ '2.1.2' ],
57 silly audit   'set-blocking': [ '2.0.0' ],
57 silly audit   'signal-exit': [ '3.0.7' ],
57 silly audit   'smart-buffer': [ '4.2.0' ],
57 silly audit   socks: [ '2.7.0' ],
57 silly audit   'socks-proxy-agent': [ '7.0.0' ],
57 silly audit   'spdx-correct': [ '3.1.1' ],
57 silly audit   'spdx-exceptions': [ '2.3.0' ],
57 silly audit   'spdx-expression-parse': [ '3.0.1' ],
57 silly audit   'spdx-license-ids': [ '3.0.11' ],
57 silly audit   'string-width': [ '4.2.3' ],
57 silly audit   string_decoder: [ '1.3.0' ],
57 silly audit   'strip-ansi': [ '6.0.1' ],
57 silly audit   tar: [ '6.1.13' ],
57 silly audit   'supports-color': [ '7.2.0' ],
57 silly audit   'text-table': [ '0.2.0' ],
57 silly audit   'tiny-relative-date': [ '1.3.0' ],
57 silly audit   treeverse: [ '3.0.0' ],
57 silly audit   'util-deprecate': [ '1.0.2' ],
57 silly audit   'validate-npm-package-license': [ '3.0.4' ],
57 silly audit   'validate-npm-package-name': [ '5.0.0' ],
57 silly audit   'walk-up-path': [ '1.0.0' ],
57 silly audit   wcwidth: [ '1.0.1' ],
57 silly audit   'wide-align': [ '1.1.5' ],
57 silly audit   wrappy: [ '1.0.2' ],
57 silly audit   'write-file-atomic': [ '5.0.0' ],
57 silly audit   yallist: [ '4.0.0' ],
57 silly audit   '@colors/colors': [ '1.5.0' ],
57 silly audit   '@gar/promisify': [ '1.1.3' ],
57 silly audit   '@isaacs/string-locale-compare': [ '1.1.0' ],
57 silly audit   '@npmcli/arborist': [ '6.2.0' ],
57 silly audit   '@npmcli/config': [ '6.1.1' ],
57 silly audit   '@npmcli/disparity-colors': [ '3.0.0' ],
57 silly audit   '@npmcli/git': [ '4.0.3' ],
57 silly audit   '@npmcli/installed-package-contents': [ '2.0.1' ],
57 silly audit   '@npmcli/map-workspaces': [ '3.0.0' ],
57 silly audit   '@npmcli/metavuln-calculator': [ '5.0.0' ],
57 silly audit   '@npmcli/name-from-folder': [ '1.0.1' ],
57 silly audit   '@npmcli/node-gyp': [ '3.0.0' ],
57 silly audit   '@npmcli/package-json': [ '3.0.0' ],
57 silly audit   '@npmcli/promise-spawn': [ '6.0.1' ],
57 silly audit   '@npmcli/query': [ '3.0.0' ],
57 silly audit   '@npmcli/run-script': [ '6.0.0' ],
57 silly audit   '@tootallnate/once': [ '2.0.0' ]
57 silly audit }
58 timing reify:unpack Completed in 0ms
59 timing reify:unretire Completed in 0ms
60 timing build:queue Completed in 5ms
61 timing build:link:node_modules/npm/node_modules/@npmcli/arborist Completed in 6ms
62 timing build:link:node_modules/npm/node_modules/node-gyp/node_modules/nopt Completed in 5ms
63 timing build:link:node_modules/npm Completed in 6ms
64 timing build:link:node_modules/npm/node_modules/color-support Completed in 6ms
65 timing build:link:node_modules/npm/node_modules/@npmcli/installed-package-contents Completed in 6ms
66 timing build:link:node_modules/npm/node_modules/mkdirp Completed in 6ms
67 timing build:link:node_modules/npm/node_modules/node-gyp Completed in 5ms
68 timing build:link:node_modules/npm/node_modules/nopt Completed in 5ms
69 timing build:link:node_modules/npm/node_modules/cssesc Completed in 6ms
70 timing build:link:node_modules/npm/node_modules/pacote Completed in 5ms
71 timing build:link:node_modules/npm/node_modules/qrcode-terminal Completed in 5ms
72 timing build:link:node_modules/npm/node_modules/semver Completed in 5ms
73 timing build:link:node_modules/npm/node_modules/rimraf Completed in 5ms
74 timing build:link:node_modules/npm/node_modules/node-gyp/node_modules/which Completed in 5ms
75 timing build:link:node_modules/npm/node_modules/which Completed in 5ms
76 timing build:link Completed in 6ms
77 timing build:deps Completed in 12ms
78 timing build Completed in 12ms
79 timing reify:build Completed in 12ms
80 timing reify:trash Completed in 0ms
81 http fetch POST 200 https://registry.npmjs.org/-/npm/v1/security/advisories/bulk 4266ms
82 timing auditReport:getReport Completed in 4269ms
83 silly audit report {}
84 timing auditReport:init Completed in 0ms
85 timing reify:audit Completed in 4270ms
86 timing reify Completed in 5169ms
87 silly ADD node_modules/npm
88 timing command:install Completed in 5202ms
89 verbose exit 0
90 timing npm Completed in 5254ms
91 info ok
