0 verbose cli /home/dan/.cache/hermit/pkg/node@18/bin/node /home/dan/Code/custom-wordle/.hermit/node/bin/npm
1 info using npm@9.4.0
2 info using node@v18.13.0
3 timing npm:load:whichnode Completed in 1ms
4 timing config:load:defaults Completed in 0ms
5 timing config:load:file:/home/dan/Code/custom-wordle/.hermit/node/lib/node_modules/npm/npmrc Completed in 0ms
6 timing config:load:builtin Completed in 1ms
7 timing config:load:cli Completed in 0ms
8 timing config:load:env Completed in 1ms
9 timing config:load:file:/home/dan/Code/custom-wordle/.npmrc Completed in 0ms
10 timing config:load:project Completed in 0ms
11 timing config:load:file:/home/dan/.npmrc Completed in 0ms
12 timing config:load:user Completed in 0ms
13 timing config:load:file:/home/dan/Code/custom-wordle/.hermit/node/etc/npmrc Completed in 0ms
14 timing config:load:global Completed in 1ms
15 timing config:load:setEnvs Completed in 0ms
16 timing config:load Completed in 3ms
17 timing npm:load:configload Completed in 3ms
18 timing npm:load:mkdirpcache Completed in 0ms
19 timing npm:load:mkdirplogs Completed in 0ms
20 verbose title npm install swc@latest
21 verbose argv "install" "swc@latest"
22 timing npm:load:setTitle Completed in 1ms
23 timing config:load:flatten Completed in 1ms
24 timing npm:load:display Completed in 2ms
25 verbose logfile logs-max:10 dir:/home/dan/Code/custom-wordle/.hermit/node/cache/_logs/2023-05-06T11_43_29_741Z-
26 verbose logfile /home/dan/Code/custom-wordle/.hermit/node/cache/_logs/2023-05-06T11_43_29_741Z-debug-0.log
27 timing npm:load:logFile Completed in 2ms
28 timing npm:load:timers Completed in 0ms
29 timing npm:load:configScope Completed in 0ms
30 timing npm:load Completed in 9ms
31 timing arborist:ctor Completed in 1ms
32 silly logfile done cleaning log files
33 timing idealTree:init Completed in 59ms
34 http fetch GET 200 https://registry.npmjs.org/swc 12ms (cache hit)
35 timing idealTree:userRequests Completed in 15ms
36 silly idealTree buildDeps
37 silly fetch manifest swc@1.0.11
38 silly placeDep ROOT swc@1.0.11 REPLACE for:  want: 1.0.11
39 timing idealTree:#root Completed in 4ms
40 timing idealTree:node_modules/swc Completed in 0ms
41 timing idealTree:buildDeps Completed in 4ms
42 timing idealTree:fixDepFlags Completed in 1ms
43 timing idealTree Completed in 82ms
44 timing reify:loadTrees Completed in 82ms
45 timing reify:diffTrees Completed in 2ms
46 silly reify moves {}
47 timing reify:retireShallow Completed in 1ms
48 timing reify:createSparse Completed in 5ms
49 timing reify:loadBundles Completed in 0ms
50 silly audit bulk request {
50 silly audit   '@nodelib/fs.scandir': [ '2.1.5' ],
50 silly audit   '@nodelib/fs.stat': [ '2.0.5' ],
50 silly audit   '@nodelib/fs.walk': [ '1.2.8' ],
50 silly audit   '@sindresorhus/is': [ '0.7.0' ],
50 silly audit   '@swc/cli': [ '0.1.59' ],
50 silly audit   '@swc/core': [ '1.3.29' ],
50 silly audit   '@swc/core-darwin-arm64': [ '1.3.29' ],
50 silly audit   '@swc/core-darwin-x64': [ '1.3.29' ],
50 silly audit   '@swc/core-linux-arm-gnueabihf': [ '1.3.29' ],
50 silly audit   '@swc/core-linux-arm64-gnu': [ '1.3.29' ],
50 silly audit   '@swc/core-linux-arm64-musl': [ '1.3.29' ],
50 silly audit   '@swc/core-linux-x64-gnu': [ '1.3.29' ],
50 silly audit   '@swc/core-linux-x64-musl': [ '1.3.29' ],
50 silly audit   '@swc/core-win32-arm64-msvc': [ '1.3.29' ],
50 silly audit   '@swc/core-win32-ia32-msvc': [ '1.3.29' ],
50 silly audit   '@swc/core-win32-x64-msvc': [ '1.3.29' ],
50 silly audit   anymatch: [ '3.1.3' ],
50 silly audit   arch: [ '2.2.0' ],
50 silly audit   'archive-type': [ '4.0.0' ],
50 silly audit   'file-type': [ '4.4.0', '5.2.0', '6.2.0', '3.9.0', '8.1.0' ],
50 silly audit   'base64-js': [ '1.5.1' ],
50 silly audit   'bin-check': [ '4.1.0' ],
50 silly audit   'bin-version': [ '3.1.0' ],
50 silly audit   'bin-version-check': [ '4.0.0' ],
50 silly audit   semver: [ '5.7.1', '7.3.8' ],
50 silly audit   'cross-spawn': [ '6.0.5', '5.1.0' ],
50 silly audit   execa: [ '1.0.0', '0.7.0' ],
50 silly audit   'get-stream': [ '4.1.0', '2.3.1', '3.0.0' ],
50 silly audit   'bin-wrapper': [ '4.1.0' ],
50 silly audit   'binary-extensions': [ '2.2.0' ],
50 silly audit   bl: [ '1.2.3' ],
50 silly audit   braces: [ '3.0.2' ],
50 silly audit   buffer: [ '5.7.1' ],
50 silly audit   'buffer-alloc': [ '1.2.0' ],
50 silly audit   'buffer-alloc-unsafe': [ '1.1.0' ],
50 silly audit   'buffer-crc32': [ '0.2.13' ],
50 silly audit   'buffer-fill': [ '1.0.0' ],
50 silly audit   'cacheable-request': [ '2.1.4' ],
50 silly audit   'lowercase-keys': [ '1.0.0', '1.0.1' ],
50 silly audit   caw: [ '2.0.1' ],
50 silly audit   chokidar: [ '3.5.3' ],
50 silly audit   'clone-response': [ '1.0.2' ],
50 silly audit   commander: [ '7.2.0', '2.20.3' ],
50 silly audit   'config-chain': [ '1.1.13' ],
50 silly audit   'content-disposition': [ '0.5.4' ],
50 silly audit   'core-util-is': [ '1.0.3' ],
50 silly audit   'decode-uri-component': [ '0.2.2' ],
50 silly audit   decompress: [ '4.2.1' ],
50 silly audit   'decompress-response': [ '3.3.0' ],
50 silly audit   'decompress-tar': [ '4.1.1' ],
50 silly audit   'decompress-tarbz2': [ '4.1.1' ],
50 silly audit   'decompress-targz': [ '4.1.1' ],
50 silly audit   'decompress-unzip': [ '4.0.1' ],
50 silly audit   pify: [ '2.3.0', '3.0.0', '4.0.1' ],
50 silly audit   download: [ '7.1.0' ],
50 silly audit   duplexer3: [ '0.1.5' ],
50 silly audit   'end-of-stream': [ '1.4.4' ],
50 silly audit   'escape-string-regexp': [ '1.0.5' ],
50 silly audit   executable: [ '4.1.1' ],
50 silly audit   'ext-list': [ '2.2.2' ],
50 silly audit   'ext-name': [ '5.0.0' ],
50 silly audit   'fast-glob': [ '3.2.12' ],
50 silly audit   fastq: [ '1.15.0' ],
50 silly audit   'fd-slicer': [ '1.1.0' ],
50 silly audit   'filename-reserved-regex': [ '2.0.0' ],
50 silly audit   filenamify: [ '2.1.0' ],
50 silly audit   'fill-range': [ '7.0.1' ],
50 silly audit   'find-versions': [ '3.2.0' ],
50 silly audit   from2: [ '2.3.0' ],
50 silly audit   'fs-constants': [ '1.0.0' ],
50 silly audit   fsevents: [ '2.3.2' ],
50 silly audit   'get-proxy': [ '2.1.0' ],
50 silly audit   'glob-parent': [ '5.1.2' ],
50 silly audit   got: [ '8.3.2' ],
50 silly audit   'graceful-fs': [ '4.2.10' ],
50 silly audit   'has-symbol-support-x': [ '1.4.2' ],
50 silly audit   'has-to-string-tag-x': [ '1.4.1' ],
50 silly audit   'http-cache-semantics': [ '3.8.1' ],
50 silly audit   ieee754: [ '1.2.1' ],
50 silly audit   'import-lazy': [ '3.1.0' ],
50 silly audit   inherits: [ '2.0.4' ],
50 silly audit   ini: [ '1.3.8' ],
50 silly audit   'into-stream': [ '3.1.0' ],
50 silly audit   'is-binary-path': [ '2.1.0' ],
50 silly audit   'is-extglob': [ '2.1.1' ],
50 silly audit   'is-glob': [ '4.0.3' ],
50 silly audit   'is-natural-number': [ '4.0.1' ],
50 silly audit   'is-number': [ '7.0.0' ],
50 silly audit   'is-object': [ '1.0.2' ],
50 silly audit   'is-plain-obj': [ '1.1.0' ],
50 silly audit   'is-retry-allowed': [ '1.2.0' ],
50 silly audit   'is-stream': [ '1.1.0' ],
50 silly audit   isarray: [ '1.0.0' ],
50 silly audit   isexe: [ '2.0.0' ],
50 silly audit   isurl: [ '1.0.0' ],
50 silly audit   'json-buffer': [ '3.0.0' ],
50 silly audit   keyv: [ '3.0.0' ],
50 silly audit   'lru-cache': [ '4.1.5', '6.0.0' ],
50 silly audit   'make-dir': [ '1.3.0' ],
50 silly audit   merge2: [ '1.4.1' ],
50 silly audit   micromatch: [ '4.0.5' ],
50 silly audit   'mime-db': [ '1.52.0' ],
50 silly audit   'mimic-response': [ '1.0.1' ],
50 silly audit   'nice-try': [ '1.0.5' ],
50 silly audit   'normalize-path': [ '3.0.0' ],
50 silly audit   'normalize-url': [ '2.0.1' ],
50 silly audit   'npm-conf': [ '1.1.3' ],
50 silly audit   'npm-run-path': [ '2.0.2' ],
50 silly audit   'object-assign': [ '4.1.1' ],
50 silly audit   once: [ '1.4.0' ],
50 silly audit   'os-filter-obj': [ '2.0.0' ],
50 silly audit   'p-cancelable': [ '0.4.1' ],
50 silly audit   'p-event': [ '2.3.1' ],
50 silly audit   'p-finally': [ '1.0.0' ],
50 silly audit   'p-is-promise': [ '1.1.0' ],
50 silly audit   'p-timeout': [ '2.0.1' ],
50 silly audit   'path-key': [ '2.0.1' ],
50 silly audit   pend: [ '1.2.0' ],
50 silly audit   picomatch: [ '2.3.1' ],
50 silly audit   pinkie: [ '2.0.4' ],
50 silly audit   'pinkie-promise': [ '2.0.1' ],
50 silly audit   'prepend-http': [ '2.0.0' ],
50 silly audit   'process-nextick-args': [ '2.0.1' ],
50 silly audit   'proto-list': [ '1.2.4' ],
50 silly audit   pseudomap: [ '1.0.2' ],
50 silly audit   pump: [ '3.0.0' ],
50 silly audit   'query-string': [ '5.1.1' ],
50 silly audit   'queue-microtask': [ '1.2.3' ],
50 silly audit   'readable-stream': [ '2.3.7' ],
50 silly audit   'safe-buffer': [ '5.1.2', '5.2.1' ],
50 silly audit   readdirp: [ '3.6.0' ],
50 silly audit   responselike: [ '1.0.2' ],
50 silly audit   reusify: [ '1.0.4' ],
50 silly audit   'run-parallel': [ '1.2.0' ],
50 silly audit   'seek-bzip': [ '1.0.6' ],
50 silly audit   'semver-regex': [ '2.0.0' ],
50 silly audit   'semver-truncate': [ '1.1.2' ],
50 silly audit   yallist: [ '4.0.0', '2.1.2' ],
50 silly audit   'shebang-command': [ '1.2.0' ],
50 silly audit   'shebang-regex': [ '1.0.0' ],
50 silly audit   'signal-exit': [ '3.0.7' ],
50 silly audit   slash: [ '3.0.0' ],
50 silly audit   'sort-keys': [ '2.0.0', '1.1.2' ],
50 silly audit   'sort-keys-length': [ '1.0.1' ],
50 silly audit   'source-map': [ '0.7.4' ],
50 silly audit   'strict-uri-encode': [ '1.1.0' ],
50 silly audit   string_decoder: [ '1.1.1' ],
50 silly audit   'strip-dirs': [ '2.1.0' ],
50 silly audit   'strip-eof': [ '1.0.0' ],
50 silly audit   'strip-outer': [ '1.0.1' ],
50 silly audit   'tar-stream': [ '1.6.2' ],
50 silly audit   through: [ '2.3.8' ],
50 silly audit   'timed-out': [ '4.0.1' ],
50 silly audit   'to-buffer': [ '1.1.1' ],
50 silly audit   'to-regex-range': [ '5.0.1' ],
50 silly audit   'trim-repeated': [ '1.0.0' ],
50 silly audit   'tunnel-agent': [ '0.6.0' ],
50 silly audit   'unbzip2-stream': [ '1.4.3' ],
50 silly audit   'url-parse-lax': [ '3.0.0' ],
50 silly audit   'url-to-options': [ '1.0.1' ],
50 silly audit   'util-deprecate': [ '1.0.2' ],
50 silly audit   which: [ '1.3.1' ],
50 silly audit   wrappy: [ '1.0.2' ],
50 silly audit   xtend: [ '4.0.2' ],
50 silly audit   yauzl: [ '2.10.0' ],
50 silly audit   swc: [ '1.0.11' ]
50 silly audit }
51 verbose reify failed optional dependency /home/dan/Code/custom-wordle/node_modules/fsevents
52 silly reify mark deleted [ '/home/dan/Code/custom-wordle/node_modules/fsevents' ]
53 verbose reify failed optional dependency /home/dan/Code/custom-wordle/node_modules/@swc/core-win32-x64-msvc
54 silly reify mark deleted [
54 silly reify   '/home/dan/Code/custom-wordle/node_modules/@swc/core-win32-x64-msvc'
54 silly reify ]
55 verbose reify failed optional dependency /home/dan/Code/custom-wordle/node_modules/@swc/core-win32-ia32-msvc
56 silly reify mark deleted [
56 silly reify   '/home/dan/Code/custom-wordle/node_modules/@swc/core-win32-ia32-msvc'
56 silly reify ]
57 verbose reify failed optional dependency /home/dan/Code/custom-wordle/node_modules/@swc/core-win32-arm64-msvc
58 silly reify mark deleted [
58 silly reify   '/home/dan/Code/custom-wordle/node_modules/@swc/core-win32-arm64-msvc'
58 silly reify ]
59 verbose reify failed optional dependency /home/dan/Code/custom-wordle/node_modules/@swc/core-linux-arm64-musl
60 silly reify mark deleted [
60 silly reify   '/home/dan/Code/custom-wordle/node_modules/@swc/core-linux-arm64-musl'
60 silly reify ]
61 verbose reify failed optional dependency /home/dan/Code/custom-wordle/node_modules/@swc/core-linux-arm64-gnu
62 silly reify mark deleted [
62 silly reify   '/home/dan/Code/custom-wordle/node_modules/@swc/core-linux-arm64-gnu'
62 silly reify ]
63 verbose reify failed optional dependency /home/dan/Code/custom-wordle/node_modules/@swc/core-linux-arm-gnueabihf
64 silly reify mark deleted [
64 silly reify   '/home/dan/Code/custom-wordle/node_modules/@swc/core-linux-arm-gnueabihf'
64 silly reify ]
65 verbose reify failed optional dependency /home/dan/Code/custom-wordle/node_modules/@swc/core-darwin-x64
66 silly reify mark deleted [ '/home/dan/Code/custom-wordle/node_modules/@swc/core-darwin-x64' ]
67 verbose reify failed optional dependency /home/dan/Code/custom-wordle/node_modules/@swc/core-darwin-arm64
68 silly reify mark deleted [ '/home/dan/Code/custom-wordle/node_modules/@swc/core-darwin-arm64' ]
69 timing reifyNode:node_modules/fsevents Completed in 40ms
70 timing reifyNode:node_modules/@swc/core-win32-x64-msvc Completed in 38ms
71 timing reifyNode:node_modules/@swc/core-win32-ia32-msvc Completed in 38ms
72 timing reifyNode:node_modules/@swc/core-win32-arm64-msvc Completed in 38ms
73 timing reifyNode:node_modules/@swc/core-linux-arm64-musl Completed in 38ms
74 timing reifyNode:node_modules/@swc/core-linux-arm64-gnu Completed in 38ms
75 timing reifyNode:node_modules/@swc/core-linux-arm-gnueabihf Completed in 38ms
76 timing reifyNode:node_modules/@swc/core-darwin-x64 Completed in 38ms
77 timing reifyNode:node_modules/@swc/core-darwin-arm64 Completed in 38ms
78 timing reifyNode:node_modules/swc Completed in 379ms
79 timing reifyNode:node_modules/buffer-fill Completed in 381ms
80 timing reifyNode:node_modules/buffer-alloc-unsafe Completed in 381ms
81 timing reifyNode:node_modules/buffer-alloc Completed in 381ms
82 timing reifyNode:node_modules/cacheable-request/node_modules/lowercase-keys Completed in 382ms
83 timing reifyNode:node_modules/wrappy Completed in 387ms
84 timing reifyNode:node_modules/url-to-options Completed in 386ms
85 timing reifyNode:node_modules/url-parse-lax Completed in 387ms
86 timing reifyNode:node_modules/trim-repeated Completed in 387ms
87 timing reifyNode:node_modules/timed-out Completed in 387ms
88 timing reifyNode:node_modules/strip-outer Completed in 387ms
89 timing reifyNode:node_modules/strip-eof Completed in 387ms
90 timing reifyNode:node_modules/strict-uri-encode Completed in 387ms
91 timing reifyNode:node_modules/sort-keys-length Completed in 387ms
92 timing reifyNode:node_modules/strip-dirs Completed in 387ms
93 timing reifyNode:node_modules/sort-keys Completed in 388ms
94 timing reifyNode:node_modules/shebang-command Completed in 388ms
95 timing reifyNode:node_modules/shebang-regex Completed in 388ms
96 timing reifyNode:node_modules/semver-truncate Completed in 388ms
97 timing reifyNode:node_modules/semver-regex Completed in 388ms
98 timing reifyNode:node_modules/run-parallel Completed in 387ms
99 timing reifyNode:node_modules/query-string Completed in 387ms
100 timing reifyNode:node_modules/process-nextick-args Completed in 388ms
101 timing reifyNode:node_modules/prepend-http Completed in 388ms
102 timing reifyNode:node_modules/pinkie Completed in 388ms
103 timing reifyNode:node_modules/pinkie-promise Completed in 388ms
104 timing reifyNode:node_modules/pify Completed in 388ms
105 timing reifyNode:node_modules/p-is-promise Completed in 388ms
106 timing reifyNode:node_modules/path-key Completed in 388ms
107 timing reifyNode:node_modules/p-timeout Completed in 388ms
108 timing reifyNode:node_modules/p-cancelable Completed in 388ms
109 timing reifyNode:node_modules/p-finally Completed in 388ms
110 timing reifyNode:node_modules/os-filter-obj Completed in 388ms
111 timing reifyNode:node_modules/once Completed in 388ms
112 timing reifyNode:node_modules/normalize-url Completed in 389ms
113 timing reifyNode:node_modules/npm-run-path Completed in 389ms
114 timing reifyNode:node_modules/normalize-path Completed in 389ms
115 timing reifyNode:node_modules/object-assign Completed in 389ms
116 timing reifyNode:node_modules/mimic-response Completed in 389ms
117 timing reifyNode:node_modules/merge2 Completed in 389ms
118 timing reifyNode:node_modules/lowercase-keys Completed in 388ms
119 timing reifyNode:node_modules/isurl Completed in 388ms
120 timing reifyNode:node_modules/is-stream Completed in 388ms
121 timing reifyNode:node_modules/make-dir Completed in 388ms
122 timing reifyNode:node_modules/is-retry-allowed Completed in 389ms
123 timing reifyNode:node_modules/is-plain-obj Completed in 389ms
124 timing reifyNode:node_modules/is-extglob Completed in 389ms
125 timing reifyNode:node_modules/is-number Completed in 389ms
126 timing reifyNode:node_modules/ini Completed in 389ms
127 timing reifyNode:node_modules/into-stream Completed in 389ms
128 timing reifyNode:node_modules/import-lazy Completed in 389ms
129 timing reifyNode:node_modules/get-proxy Completed in 389ms
130 timing reifyNode:node_modules/filenamify Completed in 389ms
131 timing reifyNode:node_modules/filename-reserved-regex Completed in 389ms
132 timing reifyNode:node_modules/ext-name Completed in 389ms
133 timing reifyNode:node_modules/ext-list Completed in 389ms
134 timing reifyNode:node_modules/executable Completed in 389ms
135 timing reifyNode:node_modules/duplexer3 Completed in 389ms
136 timing reifyNode:node_modules/escape-string-regexp Completed in 389ms
137 timing reifyNode:node_modules/download Completed in 389ms
138 timing reifyNode:node_modules/end-of-stream Completed in 389ms
139 timing reifyNode:node_modules/decompress-tarbz2 Completed in 389ms
140 timing reifyNode:node_modules/decompress-targz Completed in 389ms
141 timing reifyNode:node_modules/decompress-unzip Completed in 389ms
142 timing reifyNode:node_modules/decompress-tar Completed in 389ms
143 timing reifyNode:node_modules/decompress Completed in 390ms
144 timing reifyNode:node_modules/decompress-response Completed in 390ms
145 timing reifyNode:node_modules/decode-uri-component Completed in 390ms
146 timing reifyNode:node_modules/caw Completed in 390ms
147 timing reifyNode:node_modules/buffer-crc32 Completed in 389ms
148 timing reifyNode:node_modules/bin-wrapper Completed in 389ms
149 timing reifyNode:node_modules/bin-version-check Completed in 389ms
150 timing reifyNode:node_modules/bin-check Completed in 389ms
151 timing reifyNode:node_modules/archive-type Completed in 390ms
152 timing reifyNode:node_modules/sort-keys-length/node_modules/sort-keys Completed in 394ms
153 timing reifyNode:node_modules/got/node_modules/pify Completed in 392ms
154 timing reifyNode:node_modules/make-dir/node_modules/pify Completed in 392ms
155 timing reifyNode:node_modules/executable/node_modules/pify Completed in 391ms
156 timing reifyNode:node_modules/npm-conf/node_modules/pify Completed in 393ms
157 timing reifyNode:node_modules/download/node_modules/pify Completed in 391ms
158 timing reifyNode:node_modules/decompress-unzip/node_modules/file-type Completed in 391ms
159 timing reifyNode:node_modules/decompress-unzip/node_modules/pify Completed in 391ms
160 timing reifyNode:node_modules/decompress-tarbz2/node_modules/file-type Completed in 391ms
161 timing reifyNode:node_modules/decompress/node_modules/pify Completed in 392ms
162 timing reifyNode:node_modules/tunnel-agent Completed in 395ms
163 timing reifyNode:node_modules/to-regex-range Completed in 395ms
164 timing reifyNode:node_modules/slash Completed in 395ms
165 timing reifyNode:node_modules/signal-exit Completed in 395ms
166 timing reifyNode:node_modules/responselike Completed in 395ms
167 timing reifyNode:node_modules/queue-microtask Completed in 395ms
168 timing reifyNode:node_modules/pend Completed in 395ms
169 timing reifyNode:node_modules/p-event Completed in 395ms
170 timing reifyNode:node_modules/is-natural-number Completed in 394ms
171 timing reifyNode:node_modules/lru-cache Completed in 394ms
172 timing reifyNode:node_modules/is-glob Completed in 394ms
173 timing reifyNode:node_modules/is-binary-path Completed in 394ms
174 timing reifyNode:node_modules/inherits Completed in 394ms
175 timing reifyNode:node_modules/ieee754 Completed in 394ms
176 timing reifyNode:node_modules/glob-parent Completed in 395ms
177 timing reifyNode:node_modules/get-stream Completed in 395ms
178 timing reifyNode:node_modules/find-versions Completed in 395ms
179 timing reifyNode:node_modules/fs-constants Completed in 395ms
180 timing reifyNode:node_modules/fill-range Completed in 395ms
181 timing reifyNode:node_modules/core-util-is Completed in 395ms
182 timing reifyNode:node_modules/config-chain Completed in 395ms
183 timing reifyNode:node_modules/clone-response Completed in 395ms
184 timing reifyNode:node_modules/bin-version Completed in 394ms
185 timing reifyNode:node_modules/anymatch Completed in 394ms
186 timing reifyNode:node_modules/semver/node_modules/lru-cache Completed in 399ms
187 timing reifyNode:node_modules/decompress-unzip/node_modules/get-stream Completed in 396ms
188 timing reifyNode:node_modules/decompress-targz/node_modules/file-type Completed in 396ms
189 timing reifyNode:node_modules/decompress-tar/node_modules/file-type Completed in 396ms
190 timing reifyNode:node_modules/bin-version/node_modules/get-stream Completed in 395ms
191 timing reifyNode:node_modules/util-deprecate Completed in 399ms
192 timing reifyNode:node_modules/archive-type/node_modules/file-type Completed in 395ms
193 timing reifyNode:node_modules/yallist Completed in 400ms
194 timing reifyNode:node_modules/to-buffer Completed in 400ms
195 timing reifyNode:node_modules/proto-list Completed in 399ms
196 timing reifyNode:node_modules/nice-try Completed in 399ms
197 timing reifyNode:node_modules/micromatch Completed in 399ms
198 timing reifyNode:node_modules/keyv Completed in 398ms
199 timing reifyNode:node_modules/http-cache-semantics Completed in 399ms
200 timing reifyNode:node_modules/from2 Completed in 399ms
201 timing reifyNode:node_modules/file-type Completed in 398ms
202 timing reifyNode:node_modules/cacheable-request Completed in 398ms
203 timing reifyNode:node_modules/base64-js Completed in 398ms
204 timing reifyNode:node_modules/arch Completed in 398ms
205 timing reifyNode:node_modules/semver/node_modules/yallist Completed in 402ms
206 timing reifyNode:node_modules/which Completed in 403ms
207 timing reifyNode:node_modules/xtend Completed in 403ms
208 timing reifyNode:node_modules/string_decoder Completed in 402ms
209 timing reifyNode:node_modules/readdirp Completed in 402ms
210 timing reifyNode:node_modules/pump Completed in 402ms
211 timing reifyNode:node_modules/pseudomap Completed in 402ms
212 timing reifyNode:node_modules/content-disposition Completed in 400ms
213 timing reifyNode:node_modules/binary-extensions Completed in 400ms
214 timing reifyNode:node_modules/string_decoder/node_modules/safe-buffer Completed in 404ms
215 timing reifyNode:node_modules/readable-stream/node_modules/safe-buffer Completed in 403ms
216 timing reifyNode:node_modules/yauzl Completed in 405ms
217 timing reifyNode:node_modules/safe-buffer Completed in 404ms
218 timing reifyNode:node_modules/isarray Completed in 403ms
219 timing reifyNode:node_modules/json-buffer Completed in 403ms
220 timing reifyNode:node_modules/graceful-fs Completed in 403ms
221 timing reifyNode:node_modules/got Completed in 403ms
222 timing reifyNode:node_modules/execa Completed in 402ms
223 timing reifyNode:node_modules/tar-stream Completed in 406ms
224 timing reifyNode:node_modules/bin-version/node_modules/execa Completed in 404ms
225 timing reifyNode:node_modules/isexe Completed in 407ms
226 timing reifyNode:node_modules/npm-conf Completed in 408ms
227 timing reifyNode:node_modules/bl Completed in 405ms
228 timing reifyNode:node_modules/reusify Completed in 409ms
229 timing reifyNode:node_modules/semver-truncate/node_modules/semver Completed in 410ms
230 timing reifyNode:node_modules/bin-version-check/node_modules/semver Completed in 406ms
231 timing reifyNode:node_modules/bin-version/node_modules/semver Completed in 406ms
232 timing reifyNode:node_modules/fd-slicer Completed in 408ms
233 timing reifyNode:node_modules/seek-bzip/node_modules/commander Completed in 412ms
234 timing reifyNode:node_modules/bin-version/node_modules/cross-spawn Completed in 408ms
235 timing reifyNode:node_modules/is-object Completed in 410ms
236 timing reifyNode:node_modules/buffer Completed in 408ms
237 timing reifyNode:node_modules/through Completed in 413ms
238 timing reifyNode:node_modules/seek-bzip Completed in 414ms
239 timing reifyNode:node_modules/cross-spawn Completed in 412ms
240 timing reifyNode:node_modules/braces Completed in 411ms
241 timing reifyNode:node_modules/has-to-string-tag-x Completed in 413ms
242 timing reifyNode:node_modules/picomatch Completed in 415ms
243 timing reifyNode:node_modules/chokidar Completed in 413ms
244 timing reifyNode:node_modules/unbzip2-stream Completed in 416ms
245 timing reifyNode:node_modules/commander Completed in 414ms
246 timing reifyNode:node_modules/mime-db Completed in 416ms
247 timing reifyNode:node_modules/fastq Completed in 415ms
248 timing reifyNode:node_modules/has-symbol-support-x Completed in 416ms
249 timing reifyNode:node_modules/@nodelib/fs.stat Completed in 415ms
250 timing reifyNode:node_modules/@sindresorhus/is Completed in 416ms
251 timing reifyNode:node_modules/@nodelib/fs.scandir Completed in 418ms
252 timing reifyNode:node_modules/readable-stream Completed in 422ms
253 timing reifyNode:node_modules/@nodelib/fs.walk Completed in 419ms
254 timing reifyNode:node_modules/source-map Completed in 423ms
255 timing reifyNode:node_modules/semver Completed in 426ms
256 timing reifyNode:node_modules/@swc/core Completed in 423ms
257 timing reifyNode:node_modules/@swc/cli Completed in 424ms
258 timing reifyNode:node_modules/fast-glob Completed in 426ms
259 timing reifyNode:node_modules/@swc/core-linux-x64-musl Completed in 470ms
260 timing reifyNode:node_modules/@swc/core-linux-x64-gnu Completed in 470ms
261 timing reify:unpack Completed in 476ms
262 timing reify:unretire Completed in 0ms
263 timing build:queue Completed in 3ms
264 timing build:link:node_modules/bin-version-check/node_modules/semver Completed in 1ms
265 timing build:link:node_modules/bin-version/node_modules/semver Completed in 1ms
266 timing build:link:node_modules/semver-truncate/node_modules/semver Completed in 1ms
267 timing build:link:node_modules/seek-bzip Completed in 1ms
268 timing build:link:node_modules/semver Completed in 1ms
269 timing build:link:node_modules/which Completed in 1ms
270 timing build:link:node_modules/@swc/cli Completed in 2ms
271 timing build:link Completed in 3ms
272 info run @swc/core@1.3.29 postinstall node_modules/@swc/core node postinstall.js
273 info run @swc/core@1.3.29 postinstall { code: 0, signal: null }
274 timing build:run:postinstall:node_modules/@swc/core Completed in 51ms
275 timing build:run:postinstall Completed in 51ms
276 timing build:deps Completed in 57ms
277 timing build Completed in 57ms
278 timing reify:build Completed in 57ms
279 timing reify:trash Completed in 0ms
280 timing reify:save Completed in 25ms
281 http fetch POST 200 https://registry.npmjs.org/-/npm/v1/security/advisories/bulk 593ms
282 timing auditReport:getReport Completed in 596ms
283 silly audit report {
283 silly audit report   got: [
283 silly audit report     {
283 silly audit report       id: 1088948,
283 silly audit report       url: 'https://github.com/advisories/GHSA-pfrx-2q88-qq97',
283 silly audit report       title: 'Got allows a redirect to a UNIX socket',
283 silly audit report       severity: 'moderate',
283 silly audit report       vulnerable_versions: '<11.8.5',
283 silly audit report       cwe: [],
283 silly audit report       cvss: [Object]
283 silly audit report     }
283 silly audit report   ],
283 silly audit report   'http-cache-semantics': [
283 silly audit report     {
283 silly audit report       id: 1091807,
283 silly audit report       url: 'https://github.com/advisories/GHSA-rc47-6667-2j5j',
283 silly audit report       title: 'http-cache-semantics vulnerable to Regular Expression Denial of Service',
283 silly audit report       severity: 'high',
283 silly audit report       vulnerable_versions: '<4.1.1',
283 silly audit report       cwe: [Array],
283 silly audit report       cvss: [Object]
283 silly audit report     }
283 silly audit report   ],
283 silly audit report   'semver-regex': [
283 silly audit report     {
283 silly audit report       id: 1089649,
283 silly audit report       url: 'https://github.com/advisories/GHSA-44c6-4v22-4mhx',
283 silly audit report       title: 'Regular Expression Denial of Service (ReDOS)',
283 silly audit report       severity: 'high',
283 silly audit report       vulnerable_versions: '<3.1.3',
283 silly audit report       cwe: [Array],
283 silly audit report       cvss: [Object]
283 silly audit report     },
283 silly audit report     {
283 silly audit report       id: 1089093,
283 silly audit report       url: 'https://github.com/advisories/GHSA-4x5v-gmq8-25ch',
283 silly audit report       title: 'Regular expression denial of service in semver-regex',
283 silly audit report       severity: 'low',
283 silly audit report       vulnerable_versions: '<3.1.4',
283 silly audit report       cwe: [Array],
283 silly audit report       cvss: [Object]
283 silly audit report     }
283 silly audit report   ]
283 silly audit report }
284 timing metavuln:cache:get:security-advisory:got:6RwqOtyKHRfIYfVtDkU86+jmAkm03OLYFGvOQUWcpuzfU8h8RNz3w5ZFTGeJ+8QNC0jGK3xFL9UvdqMN+kLCrg== Completed in 2ms
285 timing metavuln:cache:get:security-advisory:http-cache-semantics:KWSsAVfoi0wiBvJ4LX/Std13sRgj3JoT8nkHRxrhKCBoKe/X0kbLvtW6kvVtCUpKTk17kt7Iw5DVJ9HfRYlpQA== Completed in 2ms
286 timing metavuln:cache:get:security-advisory:semver-regex:957iQwZ5ELsi/bs0NMaFAJC1b0F47Pu0vSBaviXTALaBg66hiH8b0nEt9AuDmPYu+qLNFUagNBMzhejfRY/rFg== Completed in 3ms
287 timing metavuln:cache:get:security-advisory:semver-regex:cw2sZUfvrtHGt8dPa6F7+y8e+TH4E87nG33i/z9cCQLRVXz0Drbap4agcq1kT4sGW9vYF+y+4DIWvN1EsIMojg== Completed in 2ms
288 http fetch GET 200 https://registry.npmjs.org/http-cache-semantics 5ms (cache hit)
289 timing metavuln:packument:http-cache-semantics Completed in 5ms
290 timing metavuln:load:security-advisory:http-cache-semantics:1091807 Completed in 0ms
291 timing metavuln:calculate:security-advisory:http-cache-semantics:1091807 Completed in 5ms
292 http fetch GET 200 https://registry.npmjs.org/semver-regex 6ms (cache hit)
293 timing metavuln:packument:semver-regex Completed in 6ms
294 timing metavuln:load:security-advisory:semver-regex:1089649 Completed in 0ms
295 timing metavuln:calculate:security-advisory:semver-regex:1089649 Completed in 6ms
296 timing metavuln:load:security-advisory:semver-regex:1089093 Completed in 0ms
297 timing metavuln:calculate:security-advisory:semver-regex:1089093 Completed in 5ms
298 http fetch GET 200 https://registry.npmjs.org/got 6ms (cache hit)
299 timing metavuln:packument:got Completed in 8ms
300 timing metavuln:load:security-advisory:got:1088948 Completed in 1ms
301 timing metavuln:calculate:security-advisory:got:1088948 Completed in 9ms
302 timing metavuln:cache:get:security-advisory:download:nKiTPqPWWtt6ZVvgqb8Y/yu/1j2EbKc2v8K9tCp5FBXu4CBE4286Q+8m374EBOGmL3Oy73G2nUfdvIKeMq8FmA== Completed in 1ms
303 http fetch GET 200 https://registry.npmjs.org/download 2ms (cache hit)
304 timing metavuln:packument:download Completed in 2ms
305 timing metavuln:load:security-advisory:download:6RwqOtyKHRfIYfVtDkU86+jmAkm03OLYFGvOQUWcpuzfU8h8RNz3w5ZFTGeJ+8QNC0jGK3xFL9UvdqMN+kLCrg== Completed in 0ms
306 timing metavuln:calculate:security-advisory:download:6RwqOtyKHRfIYfVtDkU86+jmAkm03OLYFGvOQUWcpuzfU8h8RNz3w5ZFTGeJ+8QNC0jGK3xFL9UvdqMN+kLCrg== Completed in 2ms
307 timing metavuln:cache:get:security-advisory:cacheable-request:TSE8Hr0G9zvfuhP0z6XWX54zoPQSjuWEQaXmqHEx7lqkDNDf8xMbXoHpJPPamyP/fMWF+XjF9eGV+TUYRNz8Eg== Completed in 0ms
308 http fetch GET 200 https://registry.npmjs.org/cacheable-request 1ms (cache hit)
309 timing metavuln:packument:cacheable-request Completed in 2ms
310 timing metavuln:load:security-advisory:cacheable-request:KWSsAVfoi0wiBvJ4LX/Std13sRgj3JoT8nkHRxrhKCBoKe/X0kbLvtW6kvVtCUpKTk17kt7Iw5DVJ9HfRYlpQA== Completed in 0ms
311 timing metavuln:calculate:security-advisory:cacheable-request:KWSsAVfoi0wiBvJ4LX/Std13sRgj3JoT8nkHRxrhKCBoKe/X0kbLvtW6kvVtCUpKTk17kt7Iw5DVJ9HfRYlpQA== Completed in 3ms
312 timing metavuln:cache:get:security-advisory:find-versions:H7IAOX5jnVz9od3oTsTfBd+IZkmvIKH4RJzQ30chmy4MeBCyMIRF0lcetwavAWxU0sY/NlbKm0GUYjwQ0zdM1A== Completed in 2ms
313 http fetch GET 200 https://registry.npmjs.org/find-versions 2ms (cache hit)
314 timing metavuln:packument:find-versions Completed in 3ms
315 timing metavuln:load:security-advisory:find-versions:957iQwZ5ELsi/bs0NMaFAJC1b0F47Pu0vSBaviXTALaBg66hiH8b0nEt9AuDmPYu+qLNFUagNBMzhejfRY/rFg== Completed in 0ms
316 timing metavuln:calculate:security-advisory:find-versions:957iQwZ5ELsi/bs0NMaFAJC1b0F47Pu0vSBaviXTALaBg66hiH8b0nEt9AuDmPYu+qLNFUagNBMzhejfRY/rFg== Completed in 3ms
317 timing metavuln:cache:get:security-advisory:bin-wrapper:N90aOKsGTX+xuZqcHgXlaD+wT0FMQEO84coz6E/lQu3X3jxwegfoIJ3h7jj9w5NSN4wAqYpTwTxeyzSOPchCBw== Completed in 0ms
318 http fetch GET 200 https://registry.npmjs.org/bin-wrapper 1ms (cache hit)
319 timing metavuln:packument:bin-wrapper Completed in 1ms
320 timing metavuln:load:security-advisory:bin-wrapper:nKiTPqPWWtt6ZVvgqb8Y/yu/1j2EbKc2v8K9tCp5FBXu4CBE4286Q+8m374EBOGmL3Oy73G2nUfdvIKeMq8FmA== Completed in 1ms
321 timing metavuln:calculate:security-advisory:bin-wrapper:nKiTPqPWWtt6ZVvgqb8Y/yu/1j2EbKc2v8K9tCp5FBXu4CBE4286Q+8m374EBOGmL3Oy73G2nUfdvIKeMq8FmA== Completed in 2ms
322 timing metavuln:cache:get:security-advisory:got:0rGXoCdIK/yAqN48oTjdyPVKgXk6ZQ+b9Yzs6ujvKDmmyewZ5CDM3FOEYnNQfqwycK0QU3jCvO4bXD59zJG8NA== Completed in 0ms
323 timing metavuln:load:security-advisory:got:TSE8Hr0G9zvfuhP0z6XWX54zoPQSjuWEQaXmqHEx7lqkDNDf8xMbXoHpJPPamyP/fMWF+XjF9eGV+TUYRNz8Eg== Completed in 1ms
324 timing metavuln:calculate:security-advisory:got:TSE8Hr0G9zvfuhP0z6XWX54zoPQSjuWEQaXmqHEx7lqkDNDf8xMbXoHpJPPamyP/fMWF+XjF9eGV+TUYRNz8Eg== Completed in 1ms
325 timing metavuln:cache:get:security-advisory:bin-version:ojppmwy91A3dnIOSrocYoaFdw0xhde7IbP8gGG/EWnu45c0H86Mxfs9iQS5MHL8gTgfHdUdSorPfb+V5Bbssdw== Completed in 1ms
326 http fetch GET 200 https://registry.npmjs.org/bin-version 1ms (cache hit)
327 timing metavuln:packument:bin-version Completed in 1ms
328 timing metavuln:load:security-advisory:bin-version:H7IAOX5jnVz9od3oTsTfBd+IZkmvIKH4RJzQ30chmy4MeBCyMIRF0lcetwavAWxU0sY/NlbKm0GUYjwQ0zdM1A== Completed in 0ms
329 timing metavuln:calculate:security-advisory:bin-version:H7IAOX5jnVz9od3oTsTfBd+IZkmvIKH4RJzQ30chmy4MeBCyMIRF0lcetwavAWxU0sY/NlbKm0GUYjwQ0zdM1A== Completed in 2ms
330 timing metavuln:cache:get:security-advisory:@swc/cli:Wl4TIUVGuIGa/wS8kr/i35UwOwd5sL/UsPfvmMqqK8EnmiB3Ihs0LQ4eQ/gxZ4sH8rQJQ2mRKeDp2Y4yCH3M2w== Completed in 0ms
331 http fetch GET 200 https://registry.npmjs.org/@swc%2fcli 1ms (cache hit)
332 timing metavuln:packument:@swc/cli Completed in 2ms
333 timing metavuln:load:security-advisory:@swc/cli:N90aOKsGTX+xuZqcHgXlaD+wT0FMQEO84coz6E/lQu3X3jxwegfoIJ3h7jj9w5NSN4wAqYpTwTxeyzSOPchCBw== Completed in 0ms
334 timing metavuln:calculate:security-advisory:@swc/cli:N90aOKsGTX+xuZqcHgXlaD+wT0FMQEO84coz6E/lQu3X3jxwegfoIJ3h7jj9w5NSN4wAqYpTwTxeyzSOPchCBw== Completed in 2ms
335 timing metavuln:cache:get:security-advisory:bin-version-check:q9O/iU3bi3K6SVUu1bd1KswzXbytvI1x9s5nBr/J53jvhemK7JRyDTwq6PvT4pflbSrag0OO/en8fazK/TPt9Q== Completed in 1ms
336 http fetch GET 200 https://registry.npmjs.org/bin-version-check 1ms (cache hit)
337 timing metavuln:packument:bin-version-check Completed in 1ms
338 timing metavuln:load:security-advisory:bin-version-check:ojppmwy91A3dnIOSrocYoaFdw0xhde7IbP8gGG/EWnu45c0H86Mxfs9iQS5MHL8gTgfHdUdSorPfb+V5Bbssdw== Completed in 0ms
339 timing metavuln:calculate:security-advisory:bin-version-check:ojppmwy91A3dnIOSrocYoaFdw0xhde7IbP8gGG/EWnu45c0H86Mxfs9iQS5MHL8gTgfHdUdSorPfb+V5Bbssdw== Completed in 1ms
340 timing metavuln:packument:swc Completed in 0ms
341 timing metavuln:cache:get:security-advisory:swc:1DphXn4RBV4piauNyNgETGAhq6R87fpvm2rJEginAf3znX0pz2279NMFqFwM03RbOqYbF2jnTpl5XBeSGiLRFA== Completed in 2ms
342 timing metavuln:load:security-advisory:swc:Wl4TIUVGuIGa/wS8kr/i35UwOwd5sL/UsPfvmMqqK8EnmiB3Ihs0LQ4eQ/gxZ4sH8rQJQ2mRKeDp2Y4yCH3M2w== Completed in 0ms
343 timing metavuln:calculate:security-advisory:swc:Wl4TIUVGuIGa/wS8kr/i35UwOwd5sL/UsPfvmMqqK8EnmiB3Ihs0LQ4eQ/gxZ4sH8rQJQ2mRKeDp2Y4yCH3M2w== Completed in 2ms
344 timing metavuln:cache:get:security-advisory:bin-wrapper:brXLZhNAd90MwiSUzpD5KCpmk3DwlbEyocyKW9r7qjzz4uEj/HGt+sPkqZWu/wvHsedeHivLm30/oIwbGLL/0w== Completed in 0ms
345 timing metavuln:load:security-advisory:bin-wrapper:q9O/iU3bi3K6SVUu1bd1KswzXbytvI1x9s5nBr/J53jvhemK7JRyDTwq6PvT4pflbSrag0OO/en8fazK/TPt9Q== Completed in 1ms
346 timing metavuln:calculate:security-advisory:bin-wrapper:q9O/iU3bi3K6SVUu1bd1KswzXbytvI1x9s5nBr/J53jvhemK7JRyDTwq6PvT4pflbSrag0OO/en8fazK/TPt9Q== Completed in 1ms
347 timing auditReport:init Completed in 29ms
348 timing reify:audit Completed in 625ms
349 timing reify Completed in 717ms
350 silly ADD node_modules/swc
351 silly ADD node_modules/yauzl
352 silly ADD node_modules/yallist
353 silly ADD node_modules/xtend
354 silly ADD node_modules/wrappy
355 silly ADD node_modules/which
356 silly ADD node_modules/util-deprecate
357 silly ADD node_modules/url-to-options
358 silly ADD node_modules/url-parse-lax
359 silly ADD node_modules/unbzip2-stream
360 silly ADD node_modules/tunnel-agent
361 silly ADD node_modules/trim-repeated
362 silly ADD node_modules/to-regex-range
363 silly ADD node_modules/to-buffer
364 silly ADD node_modules/timed-out
365 silly ADD node_modules/through
366 silly ADD node_modules/tar-stream
367 silly ADD node_modules/strip-outer
368 silly ADD node_modules/strip-eof
369 silly ADD node_modules/strip-dirs
370 silly ADD node_modules/string_decoder
371 silly ADD node_modules/string_decoder/node_modules/safe-buffer
372 silly ADD node_modules/strict-uri-encode
373 silly ADD node_modules/source-map
374 silly ADD node_modules/sort-keys-length
375 silly ADD node_modules/sort-keys-length/node_modules/sort-keys
376 silly ADD node_modules/sort-keys
377 silly ADD node_modules/slash
378 silly ADD node_modules/signal-exit
379 silly ADD node_modules/shebang-regex
380 silly ADD node_modules/shebang-command
381 silly ADD node_modules/semver-truncate
382 silly ADD node_modules/semver-truncate/node_modules/semver
383 silly ADD node_modules/semver-regex
384 silly ADD node_modules/semver
385 silly ADD node_modules/semver/node_modules/yallist
386 silly ADD node_modules/semver/node_modules/lru-cache
387 silly ADD node_modules/seek-bzip
388 silly ADD node_modules/seek-bzip/node_modules/commander
389 silly ADD node_modules/safe-buffer
390 silly ADD node_modules/run-parallel
391 silly ADD node_modules/reusify
392 silly ADD node_modules/responselike
393 silly ADD node_modules/readdirp
394 silly ADD node_modules/readable-stream
395 silly ADD node_modules/readable-stream/node_modules/safe-buffer
396 silly ADD node_modules/queue-microtask
397 silly ADD node_modules/query-string
398 silly ADD node_modules/pump
399 silly ADD node_modules/pseudomap
400 silly ADD node_modules/proto-list
401 silly ADD node_modules/process-nextick-args
402 silly ADD node_modules/prepend-http
403 silly ADD node_modules/pinkie-promise
404 silly ADD node_modules/pinkie
405 silly ADD node_modules/pify
406 silly ADD node_modules/picomatch
407 silly ADD node_modules/pend
408 silly ADD node_modules/path-key
409 silly ADD node_modules/p-timeout
410 silly ADD node_modules/p-is-promise
411 silly ADD node_modules/p-finally
412 silly ADD node_modules/p-event
413 silly ADD node_modules/p-cancelable
414 silly ADD node_modules/os-filter-obj
415 silly ADD node_modules/once
416 silly ADD node_modules/object-assign
417 silly ADD node_modules/npm-run-path
418 silly ADD node_modules/npm-conf
419 silly ADD node_modules/npm-conf/node_modules/pify
420 silly ADD node_modules/normalize-url
421 silly ADD node_modules/normalize-path
422 silly ADD node_modules/nice-try
423 silly ADD node_modules/mimic-response
424 silly ADD node_modules/mime-db
425 silly ADD node_modules/micromatch
426 silly ADD node_modules/merge2
427 silly ADD node_modules/make-dir
428 silly ADD node_modules/make-dir/node_modules/pify
429 silly ADD node_modules/lru-cache
430 silly ADD node_modules/lowercase-keys
431 silly ADD node_modules/keyv
432 silly ADD node_modules/json-buffer
433 silly ADD node_modules/isurl
434 silly ADD node_modules/isexe
435 silly ADD node_modules/isarray
436 silly ADD node_modules/is-stream
437 silly ADD node_modules/is-retry-allowed
438 silly ADD node_modules/is-plain-obj
439 silly ADD node_modules/is-object
440 silly ADD node_modules/is-number
441 silly ADD node_modules/is-natural-number
442 silly ADD node_modules/is-glob
443 silly ADD node_modules/is-extglob
444 silly ADD node_modules/is-binary-path
445 silly ADD node_modules/into-stream
446 silly ADD node_modules/ini
447 silly ADD node_modules/inherits
448 silly ADD node_modules/import-lazy
449 silly ADD node_modules/ieee754
450 silly ADD node_modules/http-cache-semantics
451 silly ADD node_modules/has-to-string-tag-x
452 silly ADD node_modules/has-symbol-support-x
453 silly ADD node_modules/graceful-fs
454 silly ADD node_modules/got
455 silly ADD node_modules/got/node_modules/pify
456 silly ADD node_modules/glob-parent
457 silly ADD node_modules/get-stream
458 silly ADD node_modules/get-proxy
459 silly ADD
460 silly ADD node_modules/fs-constants
461 silly ADD node_modules/from2
462 silly ADD node_modules/find-versions
463 silly ADD node_modules/fill-range
464 silly ADD node_modules/filenamify
465 silly ADD node_modules/filename-reserved-regex
466 silly ADD node_modules/file-type
467 silly ADD node_modules/fd-slicer
468 silly ADD node_modules/fastq
469 silly ADD node_modules/fast-glob
470 silly ADD node_modules/ext-name
471 silly ADD node_modules/ext-list
472 silly ADD node_modules/executable
473 silly ADD node_modules/executable/node_modules/pify
474 silly ADD node_modules/execa
475 silly ADD node_modules/escape-string-regexp
476 silly ADD node_modules/end-of-stream
477 silly ADD node_modules/duplexer3
478 silly ADD node_modules/download
479 silly ADD node_modules/download/node_modules/pify
480 silly ADD node_modules/decompress-unzip
481 silly ADD node_modules/decompress-unzip/node_modules/pify
482 silly ADD node_modules/decompress-unzip/node_modules/get-stream
483 silly ADD node_modules/decompress-unzip/node_modules/file-type
484 silly ADD node_modules/decompress-targz
485 silly ADD node_modules/decompress-targz/node_modules/file-type
486 silly ADD node_modules/decompress-tarbz2
487 silly ADD node_modules/decompress-tarbz2/node_modules/file-type
488 silly ADD node_modules/decompress-tar
489 silly ADD node_modules/decompress-tar/node_modules/file-type
490 silly ADD node_modules/decompress-response
491 silly ADD node_modules/decompress
492 silly ADD node_modules/decompress/node_modules/pify
493 silly ADD node_modules/decode-uri-component
494 silly ADD node_modules/cross-spawn
495 silly ADD node_modules/core-util-is
496 silly ADD node_modules/content-disposition
497 silly ADD node_modules/config-chain
498 silly ADD node_modules/commander
499 silly ADD node_modules/clone-response
500 silly ADD node_modules/chokidar
501 silly ADD node_modules/caw
502 silly ADD node_modules/cacheable-request
503 silly ADD node_modules/cacheable-request/node_modules/lowercase-keys
504 silly ADD node_modules/buffer-fill
505 silly ADD node_modules/buffer-crc32
506 silly ADD node_modules/buffer-alloc-unsafe
507 silly ADD node_modules/buffer-alloc
508 silly ADD node_modules/buffer
509 silly ADD node_modules/braces
510 silly ADD node_modules/bl
511 silly ADD node_modules/binary-extensions
512 silly ADD node_modules/bin-wrapper
513 silly ADD node_modules/bin-version-check
514 silly ADD node_modules/bin-version-check/node_modules/semver
515 silly ADD node_modules/bin-version
516 silly ADD node_modules/bin-version/node_modules/semver
517 silly ADD node_modules/bin-version/node_modules/get-stream
518 silly ADD node_modules/bin-version/node_modules/execa
519 silly ADD node_modules/bin-version/node_modules/cross-spawn
520 silly ADD node_modules/bin-check
521 silly ADD node_modules/base64-js
522 silly ADD node_modules/archive-type
523 silly ADD node_modules/archive-type/node_modules/file-type
524 silly ADD node_modules/arch
525 silly ADD node_modules/anymatch
526 silly ADD
527 silly ADD
528 silly ADD
529 silly ADD node_modules/@swc/core-linux-x64-musl
530 silly ADD node_modules/@swc/core-linux-x64-gnu
531 silly ADD
532 silly ADD
533 silly ADD
534 silly ADD
535 silly ADD
536 silly ADD node_modules/@swc/core
537 silly ADD node_modules/@swc/cli
538 silly ADD node_modules/@sindresorhus/is
539 silly ADD node_modules/@nodelib/fs.walk
540 silly ADD node_modules/@nodelib/fs.stat
541 silly ADD node_modules/@nodelib/fs.scandir
542 timing command:install Completed in 727ms
543 verbose exit 0
544 timing npm Completed in 743ms
545 info ok
