0 verbose cli /Users/dan/Library/Caches/hermit/pkg/node@18/bin/node /Users/dan/Code/custom-wordle/.hermit/node/lib/node_modules/npm/bin/npm-cli.js
1 info using npm@9.4.0
2 info using node@v18.20.4
3 timing npm:load:whichnode Completed in 1ms
4 timing config:load:defaults Completed in 0ms
5 timing config:load:file:/Users/dan/Code/custom-wordle/.hermit/node/lib/node_modules/npm/npmrc Completed in 0ms
6 timing config:load:builtin Completed in 1ms
7 timing config:load:cli Completed in 0ms
8 timing config:load:env Completed in 0ms
9 timing config:load:file:/Users/dan/Code/custom-wordle/.npmrc Completed in 0ms
10 timing config:load:project Completed in 1ms
11 timing config:load:file:/Users/dan/.npmrc Completed in 0ms
12 timing config:load:user Completed in 0ms
13 timing config:load:file:/Users/dan/Code/custom-wordle/.hermit/node/etc/npmrc Completed in 0ms
14 timing config:load:global Completed in 0ms
15 timing config:load:setEnvs Completed in 0ms
16 timing config:load Completed in 2ms
17 timing npm:load:configload Completed in 2ms
18 timing npm:load:mkdirpcache Completed in 0ms
19 timing npm:load:mkdirplogs Completed in 0ms
20 verbose title npm exec swc
21 verbose argv "exec" "--" "swc"
22 timing npm:load:setTitle Completed in 6ms
23 timing config:load:flatten Completed in 1ms
24 timing npm:load:display Completed in 1ms
25 verbose logfile logs-max:10 dir:/Users/dan/Code/custom-wordle/.hermit/node/cache/_logs/2024-11-15T12_06_06_052Z-
26 verbose logfile /Users/dan/Code/custom-wordle/.hermit/node/cache/_logs/2024-11-15T12_06_06_052Z-debug-0.log
27 timing npm:load:logFile Completed in 2ms
28 timing npm:load:timers Completed in 0ms
29 timing npm:load:configScope Completed in 0ms
30 timing npm:load Completed in 12ms
31 silly logfile start cleaning logs, removing 1 files
32 silly logfile done cleaning log files
33 timing arborist:ctor Completed in 0ms
34 http fetch GET 200 https://registry.npmjs.org/swc 655ms (cache revalidated)
35 timing command:exec Completed in 664ms
36 verbose stack Error: could not determine executable to run
36 verbose stack     at getBinFromManifest (/Users/dan/Code/custom-wordle/.hermit/node/lib/node_modules/npm/node_modules/libnpmexec/lib/get-bin-from-manifest.js:17:23)
36 verbose stack     at exec (/Users/dan/Code/custom-wordle/.hermit/node/lib/node_modules/npm/node_modules/libnpmexec/lib/index.js:187:15)
36 verbose stack     at async module.exports (/Users/dan/Code/custom-wordle/.hermit/node/lib/node_modules/npm/lib/cli.js:134:5)
37 verbose pkgid swc@1.0.11
38 verbose cwd /Users/dan/Code/custom-wordle
39 verbose Darwin 24.1.0
40 verbose node v18.20.4
41 verbose npm  v9.4.0
42 error could not determine executable to run
43 verbose exit 1
44 timing npm Completed in 683ms
45 verbose code 1
46 error A complete log of this run can be found in:
46 error     /Users/dan/Code/custom-wordle/.hermit/node/cache/_logs/2024-11-15T12_06_06_052Z-debug-0.log
