0 verbose cli /Users/dan/Library/Caches/hermit/pkg/node@18/bin/node /Users/dan/Code/custom-wordle/.hermit/node/bin/npm
1 info using npm@9.4.0
2 info using node@v18.20.4
3 timing npm:load:whichnode Completed in 0ms
4 timing config:load:defaults Completed in 0ms
5 timing config:load:file:/Users/dan/Code/custom-wordle/.hermit/node/lib/node_modules/npm/npmrc Completed in 0ms
6 timing config:load:builtin Completed in 0ms
7 timing config:load:cli Completed in 2ms
8 timing config:load:env Completed in 2ms
9 timing config:load:file:/.npmrc Completed in 0ms
10 timing config:load:project Completed in 1ms
11 timing config:load:file:/Users/dan/.npmrc Completed in 0ms
12 timing config:load:user Completed in 0ms
13 timing config:load:file:/Users/dan/Code/custom-wordle/.hermit/node/etc/npmrc Completed in 0ms
14 timing config:load:global Completed in 0ms
15 timing config:load:setEnvs Completed in 1ms
16 timing config:load Completed in 7ms
17 timing npm:load:configload Completed in 7ms
18 timing npm:load:mkdirpcache Completed in 0ms
19 timing npm:load:mkdirplogs Completed in 0ms
20 verbose title npm config get prefix
21 verbose argv "config" "get" "prefix"
22 timing npm:load:setTitle Completed in 11ms
23 timing config:load:flatten Completed in 1ms
24 timing npm:load:display Completed in 1ms
25 verbose logfile logs-max:10 dir:/Users/dan/Code/custom-wordle/.hermit/node/cache/_logs/2024-11-15T12_05_20_505Z-
26 verbose logfile /Users/dan/Code/custom-wordle/.hermit/node/cache/_logs/2024-11-15T12_05_20_505Z-debug-0.log
27 timing npm:load:logFile Completed in 2ms
28 timing npm:load:timers Completed in 0ms
29 timing npm:load:configScope Completed in 0ms
30 timing npm:load Completed in 23ms
31 timing command:config Completed in 1ms
32 verbose exit 0
33 timing npm Completed in 29ms
34 info ok
