0 verbose cli /Users/dan/Library/Caches/hermit/pkg/node@18/bin/node /Users/dan/Code/custom-wordle/.hermit/node/bin/npm
1 info using npm@9.4.0
2 info using node@v18.20.4
3 timing npm:load:whichnode Completed in 0ms
4 timing config:load:defaults Completed in 1ms
5 timing config:load:file:/Users/dan/Code/custom-wordle/.hermit/node/lib/node_modules/npm/npmrc Completed in 0ms
6 timing config:load:builtin Completed in 0ms
7 timing config:load:cli Completed in 0ms
8 timing config:load:env Completed in 0ms
9 timing config:load:file:/Users/dan/Code/custom-wordle/.npmrc Completed in 0ms
10 timing config:load:project Completed in 0ms
11 timing config:load:file:/Users/dan/.npmrc Completed in 0ms
12 timing config:load:user Completed in 0ms
13 timing config:load:file:/Users/dan/Code/custom-wordle/.hermit/node/etc/npmrc Completed in 0ms
14 timing config:load:global Completed in 0ms
15 timing config:load:setEnvs Completed in 1ms
16 timing config:load Completed in 3ms
17 timing npm:load:configload Completed in 3ms
18 timing npm:load:mkdirpcache Completed in 0ms
19 timing npm:load:mkdirplogs Completed in 0ms
20 verbose title npm install @swc/cli @swc/core
21 verbose argv "install" "@swc/cli" "@swc/core"
22 timing npm:load:setTitle Completed in 5ms
23 timing config:load:flatten Completed in 1ms
24 timing npm:load:display Completed in 1ms
25 verbose logfile logs-max:10 dir:/Users/dan/Code/custom-wordle/.hermit/node/cache/_logs/2024-11-15T12_06_12_391Z-
26 verbose logfile /Users/dan/Code/custom-wordle/.hermit/node/cache/_logs/2024-11-15T12_06_12_391Z-debug-0.log
27 timing npm:load:logFile Completed in 2ms
28 timing npm:load:timers Completed in 0ms
29 timing npm:load:configScope Completed in 0ms
30 timing npm:load Completed in 11ms
31 timing arborist:ctor Completed in 0ms
32 silly logfile start cleaning logs, removing 1 files
33 silly logfile done cleaning log files
34 timing idealTree:init Completed in 36ms
35 timing idealTree:userRequests Completed in 0ms
36 silly idealTree buildDeps
37 silly fetch manifest @swc/cli@^0.1.59
38 http fetch GET 200 https://registry.npmjs.org/@swc%2fcli 212ms (cache updated)
39 silly fetch manifest @swc/core@^1.3.29
40 http fetch GET 200 https://registry.npmjs.org/@swc%2fcore 138ms (cache updated)
41 silly fetch manifest @swc/helpers@*
42 http fetch GET 200 https://registry.npmjs.org/@swc%2fhelpers 135ms (cache miss)
43 silly fetch manifest chokidar@^3.5.3
44 http fetch GET 200 https://registry.npmjs.org/chokidar 56ms (cache updated)
45 silly placeDep ROOT @swc/cli@0.1.65 REPLACE for:  want: ^0.1.59
46 silly placeDep ROOT @swc/core@1.9.2 REPLACE for:  want: ^1.3.29
47 silly fetch manifest minimatch@^9.0.3
48 silly fetch manifest @mole-inc/bin-wrapper@^8.0.1
49 silly fetch manifest @swc/counter@^0.1.3
50 silly fetch manifest @swc/types@^0.1.15
51 silly fetch manifest @swc/core-darwin-x64@1.9.2
52 silly fetch manifest @swc/core-win32-x64-msvc@1.9.2
53 silly fetch manifest @swc/core-linux-x64-gnu@1.9.2
54 silly fetch manifest @swc/core-linux-x64-musl@1.9.2
55 silly fetch manifest @swc/core-win32-ia32-msvc@1.9.2
56 silly fetch manifest @swc/core-linux-arm-gnueabihf@1.9.2
57 silly fetch manifest @swc/core-darwin-arm64@1.9.2
58 silly fetch manifest @swc/core-linux-arm64-gnu@1.9.2
59 silly fetch manifest @swc/core-linux-arm64-musl@1.9.2
60 silly fetch manifest @swc/core-win32-arm64-msvc@1.9.2
61 http fetch GET 200 https://registry.npmjs.org/minimatch 68ms (cache miss)
62 http fetch GET 200 https://registry.npmjs.org/@swc%2ftypes 103ms (cache miss)
63 http fetch GET 200 https://registry.npmjs.org/@mole-inc%2fbin-wrapper 139ms (cache miss)
64 http fetch GET 200 https://registry.npmjs.org/@swc%2fcore-linux-arm-gnueabihf 169ms (cache updated)
65 http fetch GET 200 https://registry.npmjs.org/@swc%2fcore-linux-x64-musl 172ms (cache updated)
66 http fetch GET 200 https://registry.npmjs.org/@swc%2fcore-linux-arm64-musl 174ms (cache updated)
67 http fetch GET 200 https://registry.npmjs.org/@swc%2fcore-darwin-x64 178ms (cache updated)
68 http fetch GET 200 https://registry.npmjs.org/@swc%2fcounter 184ms (cache miss)
69 http fetch GET 200 https://registry.npmjs.org/@swc%2fcore-win32-x64-msvc 188ms (cache updated)
70 http fetch GET 200 https://registry.npmjs.org/@swc%2fcore-linux-arm64-gnu 199ms (cache updated)
71 http fetch GET 200 https://registry.npmjs.org/@swc%2fcore-win32-ia32-msvc 240ms (cache updated)
72 http fetch GET 200 https://registry.npmjs.org/@swc%2fcore-linux-x64-gnu 244ms (cache updated)
73 http fetch GET 200 https://registry.npmjs.org/@swc%2fcore-win32-arm64-msvc 245ms (cache updated)
74 http fetch GET 200 https://registry.npmjs.org/@swc%2fcore-darwin-arm64 1171ms (cache updated)
75 timing idealTree:#root Completed in 1753ms
76 silly placeDep ROOT @mole-inc/bin-wrapper@8.0.1 OK for: @swc/cli@0.1.65 want: ^8.0.1
77 silly placeDep ROOT minimatch@9.0.5 OK for: @swc/cli@0.1.65 want: ^9.0.3
78 silly fetch manifest bin-check@^4.1.0
79 silly fetch manifest bin-version-check@^5.0.0
80 silly fetch manifest content-disposition@^0.5.4
81 silly fetch manifest ext-name@^5.0.0
82 silly fetch manifest file-type@^17.1.6
83 silly fetch manifest filenamify@^5.0.2
84 silly fetch manifest got@^11.8.5
85 silly fetch manifest os-filter-obj@^2.0.0
86 silly fetch manifest brace-expansion@^2.0.1
87 http fetch GET 200 https://registry.npmjs.org/brace-expansion 48ms (cache miss)
88 http fetch GET 200 https://registry.npmjs.org/bin-version-check 65ms (cache updated)
89 http fetch GET 200 https://registry.npmjs.org/filenamify 67ms (cache updated)
90 http fetch GET 200 https://registry.npmjs.org/bin-check 78ms (cache revalidated)
91 http fetch GET 200 https://registry.npmjs.org/ext-name 78ms (cache revalidated)
92 http fetch GET 200 https://registry.npmjs.org/content-disposition 81ms (cache updated)
93 http fetch GET 200 https://registry.npmjs.org/file-type 80ms (cache updated)
94 http fetch GET 200 https://registry.npmjs.org/os-filter-obj 95ms (cache revalidated)
95 http fetch GET 200 https://registry.npmjs.org/got 97ms (cache updated)
96 timing idealTree:node_modules/@swc/cli Completed in 106ms
97 silly placeDep ROOT bin-check@4.1.0 OK for: @mole-inc/bin-wrapper@8.0.1 want: ^4.1.0
98 silly placeDep ROOT bin-version-check@5.1.0 OK for: @mole-inc/bin-wrapper@8.0.1 want: ^5.0.0
99 silly placeDep ROOT content-disposition@0.5.4 OK for: @mole-inc/bin-wrapper@8.0.1 want: ^0.5.4
100 silly placeDep ROOT ext-name@5.0.0 OK for: @mole-inc/bin-wrapper@8.0.1 want: ^5.0.0
101 silly placeDep ROOT file-type@17.1.6 OK for: @mole-inc/bin-wrapper@8.0.1 want: ^17.1.6
102 silly placeDep ROOT filenamify@5.1.1 OK for: @mole-inc/bin-wrapper@8.0.1 want: ^5.0.2
103 silly placeDep ROOT got@11.8.6 OK for: @mole-inc/bin-wrapper@8.0.1 want: ^11.8.5
104 silly placeDep ROOT os-filter-obj@2.0.0 OK for: @mole-inc/bin-wrapper@8.0.1 want: ^2.0.0
105 silly fetch manifest execa@^0.7.0
106 silly fetch manifest executable@^4.1.0
107 silly fetch manifest bin-version@^6.0.0
108 silly fetch manifest semver@^7.5.3
109 silly fetch manifest semver-truncate@^3.0.0
110 silly fetch manifest safe-buffer@5.2.1
111 silly fetch manifest ext-list@^2.0.0
112 silly fetch manifest sort-keys-length@^1.0.0
113 silly fetch manifest strtok3@^7.0.0-alpha.9
114 silly fetch manifest token-types@^5.0.0-alpha.2
115 silly fetch manifest readable-web-to-node-stream@^3.0.2
116 silly fetch manifest filename-reserved-regex@^3.0.0
117 silly fetch manifest strip-outer@^2.0.0
118 silly fetch manifest trim-repeated@^2.0.0
119 silly fetch manifest p-cancelable@^2.0.0
120 silly fetch manifest responselike@^2.0.0
121 silly fetch manifest http2-wrapper@^1.0.0-beta.5.2
122 silly fetch manifest lowercase-keys@^2.0.0
123 silly fetch manifest @sindresorhus/is@^4.0.0
124 silly fetch manifest cacheable-lookup@^5.0.3
125 silly fetch manifest cacheable-request@^7.0.2
126 silly fetch manifest @types/responselike@^1.0.0
127 silly fetch manifest decompress-response@^6.0.0
128 silly fetch manifest @szmarczak/http-timer@^4.0.5
129 silly fetch manifest @types/cacheable-request@^6.0.1
130 silly fetch manifest arch@^2.1.0
131 http fetch GET 200 https://registry.npmjs.org/cacheable-lookup 58ms (cache miss)
132 http fetch GET 200 https://registry.npmjs.org/execa 65ms (cache updated)
133 http fetch GET 200 https://registry.npmjs.org/executable 68ms (cache revalidated)
134 http fetch GET 200 https://registry.npmjs.org/safe-buffer 68ms (cache updated)
135 http fetch GET 200 https://registry.npmjs.org/strtok3 67ms (cache miss)
136 http fetch GET 200 https://registry.npmjs.org/readable-web-to-node-stream 69ms (cache miss)
137 http fetch GET 200 https://registry.npmjs.org/@types%2fcacheable-request 70ms (cache miss)
138 http fetch GET 200 https://registry.npmjs.org/http2-wrapper 75ms (cache miss)
139 http fetch GET 200 https://registry.npmjs.org/semver-truncate 80ms (cache revalidated)
140 http fetch GET 200 https://registry.npmjs.org/filename-reserved-regex 78ms (cache revalidated)
141 http fetch GET 200 https://registry.npmjs.org/bin-version 81ms (cache updated)
142 http fetch GET 200 https://registry.npmjs.org/@types%2fresponselike 76ms (cache miss)
143 http fetch GET 200 https://registry.npmjs.org/@szmarczak%2fhttp-timer 76ms (cache miss)
144 http fetch GET 200 https://registry.npmjs.org/token-types 79ms (cache miss)
145 http fetch GET 200 https://registry.npmjs.org/lowercase-keys 100ms (cache updated)
146 http fetch GET 200 https://registry.npmjs.org/p-cancelable 109ms (cache revalidated)
147 http fetch GET 200 https://registry.npmjs.org/cacheable-request 108ms (cache updated)
148 http fetch GET 200 https://registry.npmjs.org/responselike 113ms (cache updated)
149 http fetch GET 200 https://registry.npmjs.org/sort-keys-length 118ms (cache revalidated)
150 http fetch GET 200 https://registry.npmjs.org/decompress-response 114ms (cache updated)
151 http fetch GET 200 https://registry.npmjs.org/strip-outer 121ms (cache revalidated)
152 http fetch GET 200 https://registry.npmjs.org/ext-list 124ms (cache revalidated)
153 http fetch GET 200 https://registry.npmjs.org/semver 126ms (cache updated)
154 http fetch GET 200 https://registry.npmjs.org/trim-repeated 125ms (cache updated)
155 http fetch GET 200 https://registry.npmjs.org/@sindresorhus%2fis 123ms (cache updated)
156 http fetch GET 200 https://registry.npmjs.org/arch 129ms (cache updated)
157 timing idealTree:node_modules/@mole-inc/bin-wrapper Completed in 142ms
158 silly placeDep ROOT @swc/core-darwin-arm64@1.9.2 OK for: @swc/core@1.9.2 want: 1.9.2
159 silly placeDep ROOT @swc/core-darwin-x64@1.9.2 OK for: @swc/core@1.9.2 want: 1.9.2
160 silly placeDep ROOT @swc/core-linux-arm-gnueabihf@1.9.2 OK for: @swc/core@1.9.2 want: 1.9.2
161 silly placeDep ROOT @swc/core-linux-arm64-gnu@1.9.2 OK for: @swc/core@1.9.2 want: 1.9.2
162 silly placeDep ROOT @swc/core-linux-arm64-musl@1.9.2 OK for: @swc/core@1.9.2 want: 1.9.2
163 silly placeDep ROOT @swc/core-linux-x64-gnu@1.9.2 OK for: @swc/core@1.9.2 want: 1.9.2
164 silly placeDep ROOT @swc/core-linux-x64-musl@1.9.2 OK for: @swc/core@1.9.2 want: 1.9.2
165 silly placeDep ROOT @swc/core-win32-arm64-msvc@1.9.2 OK for: @swc/core@1.9.2 want: 1.9.2
166 silly placeDep ROOT @swc/core-win32-ia32-msvc@1.9.2 OK for: @swc/core@1.9.2 want: 1.9.2
167 silly placeDep ROOT @swc/core-win32-x64-msvc@1.9.2 OK for: @swc/core@1.9.2 want: 1.9.2
168 silly placeDep ROOT @swc/counter@0.1.3 OK for: @swc/core@1.9.2 want: ^0.1.3
169 silly placeDep ROOT @swc/types@0.1.15 OK for: @swc/core@1.9.2 want: ^0.1.15
170 timing idealTree:node_modules/@swc/core Completed in 4ms
171 timing idealTree:node_modules/@swc/core-darwin-arm64 Completed in 0ms
172 timing idealTree:node_modules/@swc/core-darwin-x64 Completed in 0ms
173 timing idealTree:node_modules/@swc/core-linux-arm-gnueabihf Completed in 0ms
174 timing idealTree:node_modules/@swc/core-linux-arm64-gnu Completed in 0ms
175 timing idealTree:node_modules/@swc/core-linux-arm64-musl Completed in 0ms
176 timing idealTree:node_modules/@swc/core-linux-x64-gnu Completed in 0ms
177 timing idealTree:node_modules/@swc/core-linux-x64-musl Completed in 0ms
178 timing idealTree:node_modules/@swc/core-win32-arm64-msvc Completed in 0ms
179 timing idealTree:node_modules/@swc/core-win32-ia32-msvc Completed in 0ms
180 timing idealTree:node_modules/@swc/core-win32-x64-msvc Completed in 0ms
181 timing idealTree:node_modules/@swc/counter Completed in 0ms
182 timing idealTree:node_modules/@swc/types Completed in 0ms
183 silly placeDep ROOT execa@0.7.0 OK for: bin-check@4.1.0 want: ^0.7.0
184 silly placeDep ROOT executable@4.1.1 OK for: bin-check@4.1.0 want: ^4.1.0
185 silly fetch manifest is-stream@^1.1.0
186 silly fetch manifest p-finally@^1.0.0
187 silly fetch manifest strip-eof@^1.0.0
188 silly fetch manifest get-stream@^3.0.0
189 silly fetch manifest cross-spawn@^5.0.1
190 silly fetch manifest signal-exit@^3.0.0
191 silly fetch manifest npm-run-path@^2.0.0
192 silly fetch manifest pify@^2.2.0
193 http fetch GET 200 https://registry.npmjs.org/is-stream 50ms (cache updated)
194 http fetch GET 200 https://registry.npmjs.org/pify 49ms (cache updated)
195 http fetch GET 200 https://registry.npmjs.org/get-stream 51ms (cache updated)
196 http fetch GET 200 https://registry.npmjs.org/signal-exit 49ms (cache updated)
197 http fetch GET 200 https://registry.npmjs.org/p-finally 53ms (cache revalidated)
198 http fetch GET 200 https://registry.npmjs.org/npm-run-path 52ms (cache updated)
199 http fetch GET 200 https://registry.npmjs.org/cross-spawn 67ms (cache updated)
200 http fetch GET 200 https://registry.npmjs.org/strip-eof 99ms (cache updated)
201 timing idealTree:node_modules/bin-check Completed in 100ms
202 silly placeDep ROOT bin-version@6.0.0 OK for: bin-version-check@5.1.0 want: ^6.0.0
203 silly placeDep ROOT semver@7.6.3 REPLACE for: bin-version-check@5.1.0 want: ^7.5.3
204 silly placeDep ROOT semver-truncate@3.0.0 OK for: bin-version-check@5.1.0 want: ^3.0.0
205 silly fetch manifest execa@^5.0.0
206 silly fetch manifest find-versions@^5.0.0
207 http fetch GET 200 https://registry.npmjs.org/find-versions 49ms (cache updated)
208 timing idealTree:node_modules/bin-version-check Completed in 51ms
209 silly placeDep node_modules/bin-version execa@5.1.1 OK for: bin-version@6.0.0 want: ^5.0.0
210 silly placeDep ROOT find-versions@5.1.0 OK for: bin-version@6.0.0 want: ^5.0.0
211 silly fetch manifest onetime@^5.1.2
212 silly fetch manifest is-stream@^2.0.0
213 silly fetch manifest get-stream@^6.0.0
214 silly fetch manifest cross-spawn@^7.0.3
215 silly fetch manifest signal-exit@^3.0.3
216 silly fetch manifest merge-stream@^2.0.0
217 silly fetch manifest npm-run-path@^4.0.1
218 silly fetch manifest human-signals@^2.1.0
219 silly fetch manifest strip-final-newline@^2.0.0
220 silly fetch manifest semver-regex@^4.0.5
221 http fetch GET 200 https://registry.npmjs.org/onetime 44ms (cache miss)
222 http fetch GET 200 https://registry.npmjs.org/strip-final-newline 51ms (cache miss)
223 http fetch GET 200 https://registry.npmjs.org/semver-regex 59ms (cache updated)
224 http fetch GET 200 https://registry.npmjs.org/human-signals 61ms (cache miss)
225 http fetch GET 200 https://registry.npmjs.org/merge-stream 90ms (cache miss)
226 timing idealTree:node_modules/bin-version Completed in 92ms
227 silly placeDep ROOT safe-buffer@5.2.1 OK for: content-disposition@0.5.4 want: 5.2.1
228 timing idealTree:node_modules/content-disposition Completed in 2ms
229 silly placeDep ROOT cross-spawn@5.1.0 OK for: execa@0.7.0 want: ^5.0.1
230 silly placeDep ROOT get-stream@3.0.0 OK for: execa@0.7.0 want: ^3.0.0
231 silly placeDep ROOT is-stream@1.1.0 OK for: execa@0.7.0 want: ^1.1.0
232 silly placeDep ROOT npm-run-path@2.0.2 OK for: execa@0.7.0 want: ^2.0.0
233 silly placeDep ROOT p-finally@1.0.0 OK for: execa@0.7.0 want: ^1.0.0
234 silly placeDep ROOT signal-exit@3.0.7 OK for: execa@0.7.0 want: ^3.0.0
235 silly placeDep ROOT strip-eof@1.0.0 OK for: execa@0.7.0 want: ^1.0.0
236 silly fetch manifest which@^1.2.9
237 silly fetch manifest lru-cache@^4.0.1
238 silly fetch manifest shebang-command@^1.2.0
239 silly fetch manifest path-key@^2.0.0
240 http fetch GET 200 https://registry.npmjs.org/path-key 46ms (cache updated)
241 http fetch GET 200 https://registry.npmjs.org/shebang-command 48ms (cache updated)
242 http fetch GET 200 https://registry.npmjs.org/which 49ms (cache updated)
243 http fetch GET 200 https://registry.npmjs.org/lru-cache 52ms (cache updated)
244 timing idealTree:node_modules/execa Completed in 58ms
245 silly placeDep ROOT lru-cache@4.1.5 OK for: cross-spawn@5.1.0 want: ^4.0.1
246 silly placeDep ROOT shebang-command@1.2.0 OK for: cross-spawn@5.1.0 want: ^1.2.0
247 silly placeDep ROOT which@1.3.1 OK for: cross-spawn@5.1.0 want: ^1.2.9
248 silly fetch manifest yallist@^2.1.2
249 silly fetch manifest pseudomap@^1.0.2
250 silly fetch manifest shebang-regex@^1.0.0
251 silly fetch manifest isexe@^2.0.0
252 http fetch GET 200 https://registry.npmjs.org/pseudomap 44ms (cache updated)
253 http fetch GET 200 https://registry.npmjs.org/shebang-regex 45ms (cache updated)
254 http fetch GET 200 https://registry.npmjs.org/isexe 58ms (cache updated)
255 http fetch GET 200 https://registry.npmjs.org/yallist 81ms (cache updated)
256 timing idealTree:node_modules/cross-spawn Completed in 83ms
257 silly placeDep ROOT pify@2.3.0 OK for: executable@4.1.1 want: ^2.2.0
258 timing idealTree:node_modules/executable Completed in 1ms
259 silly placeDep ROOT ext-list@2.2.2 OK for: ext-name@5.0.0 want: ^2.0.0
260 silly placeDep ROOT sort-keys-length@1.0.1 OK for: ext-name@5.0.0 want: ^1.0.0
261 silly fetch manifest mime-db@^1.28.0
262 silly fetch manifest sort-keys@^1.0.0
263 http fetch GET 200 https://registry.npmjs.org/sort-keys 48ms (cache updated)
264 http fetch GET 200 https://registry.npmjs.org/mime-db 49ms (cache updated)
265 timing idealTree:node_modules/ext-name Completed in 52ms
266 silly placeDep ROOT mime-db@1.53.0 OK for: ext-list@2.2.2 want: ^1.28.0
267 timing idealTree:node_modules/ext-list Completed in 1ms
268 silly placeDep ROOT readable-web-to-node-stream@3.0.2 OK for: file-type@17.1.6 want: ^3.0.2
269 silly placeDep ROOT strtok3@7.1.1 OK for: file-type@17.1.6 want: ^7.0.0-alpha.9
270 silly placeDep ROOT token-types@5.0.1 OK for: file-type@17.1.6 want: ^5.0.0-alpha.2
271 silly fetch manifest readable-stream@^3.6.0
272 silly fetch manifest peek-readable@^5.1.3
273 silly fetch manifest @tokenizer/token@^0.3.0
274 silly fetch manifest ieee754@^1.2.1
275 http fetch GET 200 https://registry.npmjs.org/peek-readable 43ms (cache miss)
276 http fetch GET 200 https://registry.npmjs.org/ieee754 53ms (cache updated)
277 http fetch GET 200 https://registry.npmjs.org/readable-stream 56ms (cache updated)
278 http fetch GET 200 https://registry.npmjs.org/@tokenizer%2ftoken 66ms (cache miss)
279 timing idealTree:node_modules/file-type Completed in 70ms
280 silly placeDep ROOT filename-reserved-regex@3.0.0 OK for: filenamify@5.1.1 want: ^3.0.0
281 silly placeDep ROOT strip-outer@2.0.0 OK for: filenamify@5.1.1 want: ^2.0.0
282 silly placeDep ROOT trim-repeated@2.0.0 OK for: filenamify@5.1.1 want: ^2.0.0
283 silly fetch manifest escape-string-regexp@^5.0.0
284 http fetch GET 200 https://registry.npmjs.org/escape-string-regexp 49ms (cache updated)
285 timing idealTree:node_modules/filenamify Completed in 52ms
286 timing idealTree:node_modules/filename-reserved-regex Completed in 0ms
287 silly placeDep ROOT semver-regex@4.0.5 OK for: find-versions@5.1.0 want: ^4.0.5
288 timing idealTree:node_modules/find-versions Completed in 1ms
289 timing idealTree:node_modules/get-stream Completed in 0ms
290 silly placeDep ROOT @sindresorhus/is@4.6.0 OK for: got@11.8.6 want: ^4.0.0
291 silly placeDep ROOT @szmarczak/http-timer@4.0.6 OK for: got@11.8.6 want: ^4.0.5
292 silly placeDep ROOT @types/cacheable-request@6.0.3 OK for: got@11.8.6 want: ^6.0.1
293 silly placeDep ROOT @types/responselike@1.0.3 OK for: got@11.8.6 want: ^1.0.0
294 silly placeDep ROOT cacheable-lookup@5.0.4 OK for: got@11.8.6 want: ^5.0.3
295 silly placeDep ROOT cacheable-request@7.0.4 OK for: got@11.8.6 want: ^7.0.2
296 silly placeDep ROOT decompress-response@6.0.0 OK for: got@11.8.6 want: ^6.0.0
297 silly placeDep ROOT http2-wrapper@1.0.3 OK for: got@11.8.6 want: ^1.0.0-beta.5.2
298 silly placeDep ROOT lowercase-keys@2.0.0 OK for: got@11.8.6 want: ^2.0.0
299 silly placeDep ROOT p-cancelable@2.1.1 OK for: got@11.8.6 want: ^2.0.0
300 silly placeDep ROOT responselike@2.0.1 OK for: got@11.8.6 want: ^2.0.0
301 silly fetch manifest defer-to-connect@^2.0.0
302 silly fetch manifest @types/keyv@^3.1.4
303 silly fetch manifest @types/node@*
304 silly fetch manifest @types/http-cache-semantics@*
305 silly fetch manifest keyv@^4.0.0
306 silly fetch manifest get-stream@^5.1.0
307 silly fetch manifest normalize-url@^6.0.1
308 silly fetch manifest clone-response@^1.0.2
309 silly fetch manifest http-cache-semantics@^4.0.0
310 silly fetch manifest mimic-response@^3.1.0
311 silly fetch manifest quick-lru@^5.1.1
312 silly fetch manifest resolve-alpn@^1.0.0
313 http fetch GET 200 https://registry.npmjs.org/defer-to-connect 47ms (cache miss)
314 http fetch GET 200 https://registry.npmjs.org/http-cache-semantics 55ms (cache revalidated)
315 http fetch GET 200 https://registry.npmjs.org/quick-lru 56ms (cache miss)
316 http fetch GET 200 https://registry.npmjs.org/mimic-response 56ms (cache revalidated)
317 http fetch GET 200 https://registry.npmjs.org/clone-response 57ms (cache revalidated)
318 http fetch GET 200 https://registry.npmjs.org/normalize-url 58ms (cache updated)
319 http fetch GET 200 https://registry.npmjs.org/resolve-alpn 57ms (cache miss)
320 http fetch GET 200 https://registry.npmjs.org/@types%2fkeyv 73ms (cache miss)
321 http fetch GET 200 https://registry.npmjs.org/@types%2fhttp-cache-semantics 73ms (cache miss)
322 http fetch GET 200 https://registry.npmjs.org/keyv 73ms (cache updated)
323 http fetch GET 200 https://registry.npmjs.org/@types%2fnode 137ms (cache miss)
324 timing idealTree:node_modules/got Completed in 151ms
325 timing idealTree:node_modules/@sindresorhus/is Completed in 0ms
326 silly placeDep ROOT defer-to-connect@2.0.1 OK for: @szmarczak/http-timer@4.0.6 want: ^2.0.0
327 timing idealTree:node_modules/@szmarczak/http-timer Completed in 1ms
328 silly placeDep ROOT @types/http-cache-semantics@4.0.4 OK for: @types/cacheable-request@6.0.3 want: *
329 silly placeDep ROOT @types/keyv@3.1.4 OK for: @types/cacheable-request@6.0.3 want: ^3.1.4
330 silly placeDep ROOT @types/node@22.9.0 OK for: @types/cacheable-request@6.0.3 want: *
331 silly fetch manifest undici-types@~6.19.8
332 http fetch GET 200 https://registry.npmjs.org/undici-types 54ms (cache miss)
333 timing idealTree:node_modules/@types/cacheable-request Completed in 56ms
334 timing idealTree:node_modules/@types/http-cache-semantics Completed in 0ms
335 timing idealTree:node_modules/@types/keyv Completed in 0ms
336 silly placeDep ROOT undici-types@6.19.8 OK for: @types/node@22.9.0 want: ~6.19.8
337 timing idealTree:node_modules/@types/node Completed in 0ms
338 timing idealTree:node_modules/@types/responselike Completed in 0ms
339 timing idealTree:node_modules/cacheable-lookup Completed in 0ms
340 silly placeDep ROOT clone-response@1.0.3 OK for: cacheable-request@7.0.4 want: ^1.0.2
341 silly placeDep node_modules/cacheable-request get-stream@5.2.0 OK for: cacheable-request@7.0.4 want: ^5.1.0
342 silly placeDep ROOT http-cache-semantics@4.1.1 OK for: cacheable-request@7.0.4 want: ^4.0.0
343 silly placeDep ROOT keyv@4.5.4 OK for: cacheable-request@7.0.4 want: ^4.0.0
344 silly placeDep ROOT normalize-url@6.1.0 OK for: cacheable-request@7.0.4 want: ^6.0.1
345 silly fetch manifest mimic-response@^1.0.0
346 silly fetch manifest pump@^3.0.0
347 silly fetch manifest json-buffer@3.0.1
348 http fetch GET 200 https://registry.npmjs.org/pump 48ms (cache updated)
349 http fetch GET 200 https://registry.npmjs.org/json-buffer 48ms (cache revalidated)
350 timing idealTree:node_modules/cacheable-request Completed in 51ms
351 silly placeDep ROOT mimic-response@1.0.1 OK for: clone-response@1.0.3 want: ^1.0.0
352 timing idealTree:node_modules/clone-response Completed in 1ms
353 silly placeDep node_modules/decompress-response mimic-response@3.1.0 OK for: decompress-response@6.0.0 want: ^3.1.0
354 timing idealTree:node_modules/decompress-response Completed in 1ms
355 timing idealTree:node_modules/defer-to-connect Completed in 0ms
356 timing idealTree:node_modules/http-cache-semantics Completed in 0ms
357 silly placeDep ROOT quick-lru@5.1.1 OK for: http2-wrapper@1.0.3 want: ^5.1.1
358 silly placeDep ROOT resolve-alpn@1.2.1 OK for: http2-wrapper@1.0.3 want: ^1.0.0
359 timing idealTree:node_modules/http2-wrapper Completed in 1ms
360 timing idealTree:node_modules/is-stream Completed in 0ms
361 silly placeDep ROOT json-buffer@3.0.1 OK for: keyv@4.5.4 want: 3.0.1
362 timing idealTree:node_modules/keyv Completed in 1ms
363 timing idealTree:node_modules/json-buffer Completed in 0ms
364 timing idealTree:node_modules/lowercase-keys Completed in 0ms
365 silly placeDep ROOT pseudomap@1.0.2 OK for: lru-cache@4.1.5 want: ^1.0.2
366 silly placeDep ROOT yallist@2.1.2 OK for: lru-cache@4.1.5 want: ^2.1.2
367 timing idealTree:node_modules/lru-cache Completed in 1ms
368 timing idealTree:node_modules/mime-db Completed in 0ms
369 timing idealTree:node_modules/mimic-response Completed in 0ms
370 silly placeDep ROOT brace-expansion@2.0.1 OK for: minimatch@9.0.5 want: ^2.0.1
371 silly fetch manifest balanced-match@^1.0.0
372 http fetch GET 200 https://registry.npmjs.org/balanced-match 62ms (cache miss)
373 timing idealTree:node_modules/minimatch Completed in 64ms
374 silly placeDep ROOT balanced-match@1.0.2 OK for: brace-expansion@2.0.1 want: ^1.0.0
375 timing idealTree:node_modules/brace-expansion Completed in 0ms
376 timing idealTree:node_modules/balanced-match Completed in 0ms
377 timing idealTree:node_modules/normalize-url Completed in 0ms
378 silly placeDep ROOT path-key@2.0.1 OK for: npm-run-path@2.0.2 want: ^2.0.0
379 timing idealTree:node_modules/npm-run-path Completed in 0ms
380 silly placeDep ROOT arch@2.2.0 OK for: os-filter-obj@2.0.0 want: ^2.1.0
381 timing idealTree:node_modules/os-filter-obj Completed in 1ms
382 timing idealTree:node_modules/arch Completed in 0ms
383 timing idealTree:node_modules/p-cancelable Completed in 0ms
384 timing idealTree:node_modules/p-finally Completed in 0ms
385 timing idealTree:node_modules/path-key Completed in 0ms
386 timing idealTree:node_modules/pify Completed in 0ms
387 timing idealTree:node_modules/pseudomap Completed in 0ms
388 timing idealTree:node_modules/quick-lru Completed in 0ms
389 silly placeDep ROOT readable-stream@3.6.2 OK for: readable-web-to-node-stream@3.0.2 want: ^3.6.0
390 silly fetch manifest inherits@^2.0.3
391 silly fetch manifest string_decoder@^1.1.1
392 silly fetch manifest util-deprecate@^1.0.1
393 http fetch GET 200 https://registry.npmjs.org/util-deprecate 49ms (cache revalidated)
394 http fetch GET 200 https://registry.npmjs.org/string_decoder 58ms (cache updated)
395 http fetch GET 200 https://registry.npmjs.org/inherits 64ms (cache updated)
396 timing idealTree:node_modules/readable-web-to-node-stream Completed in 65ms
397 silly placeDep ROOT inherits@2.0.4 OK for: readable-stream@3.6.2 want: ^2.0.3
398 silly placeDep ROOT string_decoder@1.3.0 OK for: readable-stream@3.6.2 want: ^1.1.1
399 silly placeDep ROOT util-deprecate@1.0.2 OK for: readable-stream@3.6.2 want: ^1.0.1
400 timing idealTree:node_modules/readable-stream Completed in 2ms
401 timing idealTree:node_modules/inherits Completed in 0ms
402 timing idealTree:node_modules/resolve-alpn Completed in 0ms
403 timing idealTree:node_modules/responselike Completed in 0ms
404 timing idealTree:node_modules/safe-buffer Completed in 0ms
405 timing idealTree:node_modules/semver Completed in 0ms
406 timing idealTree:node_modules/semver-regex Completed in 0ms
407 timing idealTree:node_modules/semver-truncate Completed in 0ms
408 silly placeDep ROOT shebang-regex@1.0.0 OK for: shebang-command@1.2.0 want: ^1.0.0
409 timing idealTree:node_modules/shebang-command Completed in 0ms
410 timing idealTree:node_modules/shebang-regex Completed in 0ms
411 timing idealTree:node_modules/signal-exit Completed in 0ms
412 silly placeDep ROOT sort-keys@1.1.2 OK for: sort-keys-length@1.0.1 want: ^1.0.0
413 silly fetch manifest is-plain-obj@^1.0.0
414 http fetch GET 200 https://registry.npmjs.org/is-plain-obj 49ms (cache updated)
415 timing idealTree:node_modules/sort-keys-length Completed in 49ms
416 silly placeDep ROOT is-plain-obj@1.1.0 OK for: sort-keys@1.1.2 want: ^1.0.0
417 timing idealTree:node_modules/sort-keys Completed in 1ms
418 timing idealTree:node_modules/is-plain-obj Completed in 0ms
419 timing idealTree:node_modules/string_decoder Completed in 0ms
420 timing idealTree:node_modules/strip-eof Completed in 0ms
421 timing idealTree:node_modules/strip-outer Completed in 0ms
422 silly placeDep ROOT @tokenizer/token@0.3.0 OK for: strtok3@7.1.1 want: ^0.3.0
423 silly placeDep ROOT peek-readable@5.3.1 OK for: strtok3@7.1.1 want: ^5.1.3
424 timing idealTree:node_modules/strtok3 Completed in 1ms
425 timing idealTree:node_modules/@tokenizer/token Completed in 0ms
426 timing idealTree:node_modules/peek-readable Completed in 0ms
427 silly placeDep ROOT ieee754@1.2.1 OK for: token-types@5.0.1 want: ^1.2.1
428 timing idealTree:node_modules/token-types Completed in 1ms
429 timing idealTree:node_modules/ieee754 Completed in 0ms
430 silly placeDep ROOT escape-string-regexp@5.0.0 OK for: trim-repeated@2.0.0 want: ^5.0.0
431 timing idealTree:node_modules/trim-repeated Completed in 1ms
432 timing idealTree:node_modules/escape-string-regexp Completed in 0ms
433 timing idealTree:node_modules/undici-types Completed in 0ms
434 timing idealTree:node_modules/util-deprecate Completed in 0ms
435 silly placeDep ROOT isexe@2.0.0 OK for: which@1.3.1 want: ^2.0.0
436 timing idealTree:node_modules/which Completed in 0ms
437 timing idealTree:node_modules/isexe Completed in 0ms
438 timing idealTree:node_modules/yallist Completed in 0ms
439 silly placeDep node_modules/bin-version cross-spawn@7.0.5 OK for: execa@5.1.1 want: ^7.0.3
440 silly placeDep node_modules/bin-version get-stream@6.0.1 OK for: execa@5.1.1 want: ^6.0.0
441 silly placeDep ROOT human-signals@2.1.0 OK for: execa@5.1.1 want: ^2.1.0
442 silly placeDep node_modules/bin-version is-stream@2.0.1 OK for: execa@5.1.1 want: ^2.0.0
443 silly placeDep ROOT merge-stream@2.0.0 OK for: execa@5.1.1 want: ^2.0.0
444 silly placeDep node_modules/bin-version npm-run-path@4.0.1 OK for: execa@5.1.1 want: ^4.0.1
445 silly placeDep ROOT onetime@5.1.2 OK for: execa@5.1.1 want: ^5.1.2
446 silly placeDep ROOT strip-final-newline@2.0.0 OK for: execa@5.1.1 want: ^2.0.0
447 silly fetch manifest path-key@^3.1.0
448 silly fetch manifest shebang-command@^2.0.0
449 silly fetch manifest which@^2.0.1
450 silly fetch manifest path-key@^3.0.0
451 silly fetch manifest mimic-fn@^2.1.0
452 http fetch GET 200 https://registry.npmjs.org/mimic-fn 45ms (cache miss)
453 timing idealTree:node_modules/bin-version/node_modules/execa Completed in 50ms
454 timing idealTree:node_modules/human-signals Completed in 0ms
455 timing idealTree:node_modules/merge-stream Completed in 0ms
456 silly placeDep ROOT mimic-fn@2.1.0 OK for: onetime@5.1.2 want: ^2.1.0
457 timing idealTree:node_modules/onetime Completed in 1ms
458 timing idealTree:node_modules/mimic-fn Completed in 0ms
459 timing idealTree:node_modules/strip-final-newline Completed in 0ms
460 silly placeDep node_modules/bin-version path-key@3.1.1 OK for: cross-spawn@7.0.5 want: ^3.1.0
461 silly placeDep node_modules/bin-version shebang-command@2.0.0 OK for: cross-spawn@7.0.5 want: ^2.0.0
462 silly placeDep node_modules/bin-version which@2.0.2 OK for: cross-spawn@7.0.5 want: ^2.0.1
463 silly fetch manifest shebang-regex@^3.0.0
464 timing idealTree:node_modules/bin-version/node_modules/cross-spawn Completed in 2ms
465 timing idealTree:node_modules/bin-version/node_modules/get-stream Completed in 0ms
466 timing idealTree:node_modules/bin-version/node_modules/is-stream Completed in 0ms
467 timing idealTree:node_modules/bin-version/node_modules/npm-run-path Completed in 0ms
468 timing idealTree:node_modules/bin-version/node_modules/path-key Completed in 0ms
469 silly placeDep node_modules/bin-version shebang-regex@3.0.0 OK for: shebang-command@2.0.0 want: ^3.0.0
470 timing idealTree:node_modules/bin-version/node_modules/shebang-command Completed in 1ms
471 timing idealTree:node_modules/bin-version/node_modules/shebang-regex Completed in 0ms
472 timing idealTree:node_modules/bin-version/node_modules/which Completed in 0ms
473 silly placeDep ROOT pump@3.0.2 OK for: get-stream@5.2.0 want: ^3.0.0
474 silly fetch manifest once@^1.3.1
475 silly fetch manifest end-of-stream@^1.1.0
476 http fetch GET 200 https://registry.npmjs.org/once 46ms (cache updated)
477 http fetch GET 200 https://registry.npmjs.org/end-of-stream 56ms (cache revalidated)
478 timing idealTree:node_modules/cacheable-request/node_modules/get-stream Completed in 57ms
479 silly placeDep ROOT end-of-stream@1.4.4 OK for: pump@3.0.2 want: ^1.1.0
480 silly placeDep ROOT once@1.4.0 OK for: pump@3.0.2 want: ^1.3.1
481 silly fetch manifest wrappy@1
482 http fetch GET 200 https://registry.npmjs.org/wrappy 53ms (cache updated)
483 timing idealTree:node_modules/pump Completed in 56ms
484 timing idealTree:node_modules/end-of-stream Completed in 0ms
485 silly placeDep ROOT wrappy@1.0.2 OK for: once@1.4.0 want: 1
486 timing idealTree:node_modules/once Completed in 1ms
487 timing idealTree:node_modules/wrappy Completed in 0ms
488 timing idealTree:node_modules/decompress-response/node_modules/mimic-response Completed in 0ms
489 timing idealTree:buildDeps Completed in 3192ms
490 timing idealTree:fixDepFlags Completed in 2ms
491 timing idealTree Completed in 3231ms
492 timing reify:loadTrees Completed in 3231ms
493 timing reify:diffTrees Completed in 3ms
494 silly reify moves {}
495 timing reify:retireShallow Completed in 1ms
496 timing reify:createSparse Completed in 12ms
497 timing reify:loadBundles Completed in 0ms
498 silly audit bulk request {
498 silly audit   '@nodelib/fs.scandir': [ '2.1.5' ],
498 silly audit   '@nodelib/fs.stat': [ '2.0.5' ],
498 silly audit   '@nodelib/fs.walk': [ '1.2.8' ],
498 silly audit   anymatch: [ '3.1.3' ],
498 silly audit   'binary-extensions': [ '2.2.0' ],
498 silly audit   braces: [ '3.0.2' ],
498 silly audit   chokidar: [ '3.5.3' ],
498 silly audit   commander: [ '7.2.0' ],
498 silly audit   'fast-glob': [ '3.2.12' ],
498 silly audit   fastq: [ '1.15.0' ],
498 silly audit   'fill-range': [ '7.0.1' ],
498 silly audit   fsevents: [ '2.3.2' ],
498 silly audit   'glob-parent': [ '5.1.2' ],
498 silly audit   'is-binary-path': [ '2.1.0' ],
498 silly audit   'is-extglob': [ '2.1.1' ],
498 silly audit   'is-glob': [ '4.0.3' ],
498 silly audit   'is-number': [ '7.0.0' ],
498 silly audit   merge2: [ '1.4.1' ],
498 silly audit   micromatch: [ '4.0.5' ],
498 silly audit   'normalize-path': [ '3.0.0' ],
498 silly audit   picomatch: [ '2.3.1' ],
498 silly audit   'queue-microtask': [ '1.2.3' ],
498 silly audit   readdirp: [ '3.6.0' ],
498 silly audit   reusify: [ '1.0.4' ],
498 silly audit   'run-parallel': [ '1.2.0' ],
498 silly audit   slash: [ '3.0.0' ],
498 silly audit   'source-map': [ '0.7.4' ],
498 silly audit   swc: [ '1.0.11' ],
498 silly audit   'to-regex-range': [ '5.0.1' ],
498 silly audit   '@swc/cli': [ '0.1.65' ],
498 silly audit   '@swc/core': [ '1.9.2' ],
498 silly audit   '@mole-inc/bin-wrapper': [ '8.0.1' ],
498 silly audit   minimatch: [ '9.0.5' ],
498 silly audit   'bin-check': [ '4.1.0' ],
498 silly audit   'bin-version-check': [ '5.1.0' ],
498 silly audit   'content-disposition': [ '0.5.4' ],
498 silly audit   'ext-name': [ '5.0.0' ],
498 silly audit   'file-type': [ '17.1.6' ],
498 silly audit   filenamify: [ '5.1.1' ],
498 silly audit   got: [ '11.8.6' ],
498 silly audit   'os-filter-obj': [ '2.0.0' ],
498 silly audit   '@swc/core-darwin-arm64': [ '1.9.2' ],
498 silly audit   '@swc/core-darwin-x64': [ '1.9.2' ],
498 silly audit   '@swc/core-linux-arm-gnueabihf': [ '1.9.2' ],
498 silly audit   '@swc/core-linux-arm64-gnu': [ '1.9.2' ],
498 silly audit   '@swc/core-linux-arm64-musl': [ '1.9.2' ],
498 silly audit   '@swc/core-linux-x64-gnu': [ '1.9.2' ],
498 silly audit   '@swc/core-linux-x64-musl': [ '1.9.2' ],
498 silly audit   '@swc/core-win32-arm64-msvc': [ '1.9.2' ],
498 silly audit   '@swc/core-win32-ia32-msvc': [ '1.9.2' ],
498 silly audit   '@swc/core-win32-x64-msvc': [ '1.9.2' ],
498 silly audit   '@swc/counter': [ '0.1.3' ],
498 silly audit   '@swc/types': [ '0.1.15' ],
498 silly audit   execa: [ '0.7.0', '5.1.1' ],
498 silly audit   executable: [ '4.1.1' ],
498 silly audit   'bin-version': [ '6.0.0' ],
498 silly audit   semver: [ '7.6.3' ],
498 silly audit   'semver-truncate': [ '3.0.0' ],
498 silly audit   'find-versions': [ '5.1.0' ],
498 silly audit   'safe-buffer': [ '5.2.1' ],
498 silly audit   'cross-spawn': [ '5.1.0', '7.0.5' ],
498 silly audit   'get-stream': [ '3.0.0', '5.2.0', '6.0.1' ],
498 silly audit   'is-stream': [ '1.1.0', '2.0.1' ],
498 silly audit   'npm-run-path': [ '2.0.2', '4.0.1' ],
498 silly audit   'p-finally': [ '1.0.0' ],
498 silly audit   'signal-exit': [ '3.0.7' ],
498 silly audit   'strip-eof': [ '1.0.0' ],
498 silly audit   'lru-cache': [ '4.1.5' ],
498 silly audit   'shebang-command': [ '1.2.0', '2.0.0' ],
498 silly audit   which: [ '1.3.1', '2.0.2' ],
498 silly audit   pify: [ '2.3.0' ],
498 silly audit   'ext-list': [ '2.2.2' ],
498 silly audit   'sort-keys-length': [ '1.0.1' ],
498 silly audit   'mime-db': [ '1.53.0' ],
498 silly audit   'readable-web-to-node-stream': [ '3.0.2' ],
498 silly audit   strtok3: [ '7.1.1' ],
498 silly audit   'token-types': [ '5.0.1' ],
498 silly audit   'filename-reserved-regex': [ '3.0.0' ],
498 silly audit   'strip-outer': [ '2.0.0' ],
498 silly audit   'trim-repeated': [ '2.0.0' ],
498 silly audit   'semver-regex': [ '4.0.5' ],
498 silly audit   '@sindresorhus/is': [ '4.6.0' ],
498 silly audit   '@szmarczak/http-timer': [ '4.0.6' ],
498 silly audit   '@types/cacheable-request': [ '6.0.3' ],
498 silly audit   '@types/responselike': [ '1.0.3' ],
498 silly audit   'cacheable-lookup': [ '5.0.4' ],
498 silly audit   'cacheable-request': [ '7.0.4' ],
498 silly audit   'decompress-response': [ '6.0.0' ],
498 silly audit   'http2-wrapper': [ '1.0.3' ],
498 silly audit   'lowercase-keys': [ '2.0.0' ],
498 silly audit   'p-cancelable': [ '2.1.1' ],
498 silly audit   responselike: [ '2.0.1' ],
498 silly audit   'defer-to-connect': [ '2.0.1' ],
498 silly audit   '@types/http-cache-semantics': [ '4.0.4' ],
498 silly audit   '@types/keyv': [ '3.1.4' ],
498 silly audit   '@types/node': [ '22.9.0' ],
498 silly audit   'undici-types': [ '6.19.8' ],
498 silly audit   'clone-response': [ '1.0.3' ],
498 silly audit   'http-cache-semantics': [ '4.1.1' ],
498 silly audit   keyv: [ '4.5.4' ],
498 silly audit   'normalize-url': [ '6.1.0' ],
498 silly audit   'mimic-response': [ '1.0.1', '3.1.0' ],
498 silly audit   'quick-lru': [ '5.1.1' ],
498 silly audit   'resolve-alpn': [ '1.2.1' ],
498 silly audit   'json-buffer': [ '3.0.1' ],
498 silly audit   pseudomap: [ '1.0.2' ],
498 silly audit   yallist: [ '2.1.2' ],
498 silly audit   'brace-expansion': [ '2.0.1' ],
498 silly audit   'balanced-match': [ '1.0.2' ],
498 silly audit   'path-key': [ '2.0.1', '3.1.1' ],
498 silly audit   arch: [ '2.2.0' ],
498 silly audit   'readable-stream': [ '3.6.2' ],
498 silly audit   inherits: [ '2.0.4' ],
498 silly audit   string_decoder: [ '1.3.0' ],
498 silly audit   'util-deprecate': [ '1.0.2' ],
498 silly audit   'shebang-regex': [ '1.0.0', '3.0.0' ],
498 silly audit   'sort-keys': [ '1.1.2' ],
498 silly audit   'is-plain-obj': [ '1.1.0' ],
498 silly audit   '@tokenizer/token': [ '0.3.0' ],
498 silly audit   'peek-readable': [ '5.3.1' ],
498 silly audit   ieee754: [ '1.2.1' ],
498 silly audit   'escape-string-regexp': [ '5.0.0' ],
498 silly audit   isexe: [ '2.0.0' ],
498 silly audit   'human-signals': [ '2.1.0' ],
498 silly audit   'merge-stream': [ '2.0.0' ],
498 silly audit   onetime: [ '5.1.2' ],
498 silly audit   'strip-final-newline': [ '2.0.0' ],
498 silly audit   'mimic-fn': [ '2.1.0' ],
498 silly audit   pump: [ '3.0.2' ],
498 silly audit   'end-of-stream': [ '1.4.4' ],
498 silly audit   once: [ '1.4.0' ],
498 silly audit   wrappy: [ '1.0.2' ]
498 silly audit }
499 verbose reify failed optional dependency /Users/dan/Code/custom-wordle/node_modules/@swc/core-win32-x64-msvc
500 silly reify mark deleted [
500 silly reify   '/Users/dan/Code/custom-wordle/node_modules/@swc/core-win32-x64-msvc'
500 silly reify ]
501 verbose reify failed optional dependency /Users/dan/Code/custom-wordle/node_modules/@swc/core-win32-ia32-msvc
502 silly reify mark deleted [
502 silly reify   '/Users/dan/Code/custom-wordle/node_modules/@swc/core-win32-ia32-msvc'
502 silly reify ]
503 verbose reify failed optional dependency /Users/dan/Code/custom-wordle/node_modules/@swc/core-win32-arm64-msvc
504 silly reify mark deleted [
504 silly reify   '/Users/dan/Code/custom-wordle/node_modules/@swc/core-win32-arm64-msvc'
504 silly reify ]
505 verbose reify failed optional dependency /Users/dan/Code/custom-wordle/node_modules/@swc/core-linux-x64-musl
506 silly reify mark deleted [
506 silly reify   '/Users/dan/Code/custom-wordle/node_modules/@swc/core-linux-x64-musl'
506 silly reify ]
507 verbose reify failed optional dependency /Users/dan/Code/custom-wordle/node_modules/@swc/core-linux-x64-gnu
508 silly reify mark deleted [
508 silly reify   '/Users/dan/Code/custom-wordle/node_modules/@swc/core-linux-x64-gnu'
508 silly reify ]
509 verbose reify failed optional dependency /Users/dan/Code/custom-wordle/node_modules/@swc/core-linux-arm64-musl
510 silly reify mark deleted [
510 silly reify   '/Users/dan/Code/custom-wordle/node_modules/@swc/core-linux-arm64-musl'
510 silly reify ]
511 verbose reify failed optional dependency /Users/dan/Code/custom-wordle/node_modules/@swc/core-linux-arm64-gnu
512 silly reify mark deleted [
512 silly reify   '/Users/dan/Code/custom-wordle/node_modules/@swc/core-linux-arm64-gnu'
512 silly reify ]
513 verbose reify failed optional dependency /Users/dan/Code/custom-wordle/node_modules/@swc/core-linux-arm-gnueabihf
514 silly reify mark deleted [
514 silly reify   '/Users/dan/Code/custom-wordle/node_modules/@swc/core-linux-arm-gnueabihf'
514 silly reify ]
515 verbose reify failed optional dependency /Users/dan/Code/custom-wordle/node_modules/@swc/core-darwin-x64
516 silly reify mark deleted [ '/Users/dan/Code/custom-wordle/node_modules/@swc/core-darwin-x64' ]
517 timing reifyNode:node_modules/@swc/core-win32-x64-msvc Completed in 12ms
518 timing reifyNode:node_modules/@swc/core-win32-ia32-msvc Completed in 12ms
519 timing reifyNode:node_modules/@swc/core-win32-arm64-msvc Completed in 12ms
520 timing reifyNode:node_modules/@swc/core-linux-x64-musl Completed in 12ms
521 timing reifyNode:node_modules/@swc/core-linux-x64-gnu Completed in 12ms
522 timing reifyNode:node_modules/@swc/core-linux-arm64-musl Completed in 12ms
523 timing reifyNode:node_modules/@swc/core-linux-arm64-gnu Completed in 12ms
524 timing reifyNode:node_modules/@swc/core-linux-arm-gnueabihf Completed in 12ms
525 timing reifyNode:node_modules/@swc/core-darwin-x64 Completed in 12ms
526 silly tarball no local data for mimic-fn@https://registry.npmjs.org/mimic-fn/-/mimic-fn-2.1.0.tgz. Extracting by manifest.
527 silly tarball no local data for pump@https://registry.npmjs.org/pump/-/pump-3.0.2.tgz. Extracting by manifest.
528 silly tarball no local data for onetime@https://registry.npmjs.org/onetime/-/onetime-5.1.2.tgz. Extracting by manifest.
529 silly tarball no local data for strip-final-newline@https://registry.npmjs.org/strip-final-newline/-/strip-final-newline-2.0.0.tgz. Extracting by manifest.
530 silly tarball no local data for merge-stream@https://registry.npmjs.org/merge-stream/-/merge-stream-2.0.0.tgz. Extracting by manifest.
531 silly tarball no local data for human-signals@https://registry.npmjs.org/human-signals/-/human-signals-2.1.0.tgz. Extracting by manifest.
532 silly tarball no local data for escape-string-regexp@https://registry.npmjs.org/escape-string-regexp/-/escape-string-regexp-5.0.0.tgz. Extracting by manifest.
533 silly tarball no local data for peek-readable@https://registry.npmjs.org/peek-readable/-/peek-readable-5.3.1.tgz. Extracting by manifest.
534 silly tarball no local data for @tokenizer/token@https://registry.npmjs.org/@tokenizer/token/-/token-0.3.0.tgz. Extracting by manifest.
535 silly tarball no local data for string_decoder@https://registry.npmjs.org/string_decoder/-/string_decoder-1.3.0.tgz. Extracting by manifest.
536 silly tarball no local data for readable-stream@https://registry.npmjs.org/readable-stream/-/readable-stream-3.6.2.tgz. Extracting by manifest.
537 silly tarball no local data for balanced-match@https://registry.npmjs.org/balanced-match/-/balanced-match-1.0.2.tgz. Extracting by manifest.
538 silly tarball no local data for brace-expansion@https://registry.npmjs.org/brace-expansion/-/brace-expansion-2.0.1.tgz. Extracting by manifest.
539 silly tarball no local data for json-buffer@https://registry.npmjs.org/json-buffer/-/json-buffer-3.0.1.tgz. Extracting by manifest.
540 silly tarball no local data for resolve-alpn@https://registry.npmjs.org/resolve-alpn/-/resolve-alpn-1.2.1.tgz. Extracting by manifest.
541 silly tarball no local data for quick-lru@https://registry.npmjs.org/quick-lru/-/quick-lru-5.1.1.tgz. Extracting by manifest.
542 silly tarball no local data for keyv@https://registry.npmjs.org/keyv/-/keyv-4.5.4.tgz. Extracting by manifest.
543 silly tarball no local data for http-cache-semantics@https://registry.npmjs.org/http-cache-semantics/-/http-cache-semantics-4.1.1.tgz. Extracting by manifest.
544 silly tarball no local data for clone-response@https://registry.npmjs.org/clone-response/-/clone-response-1.0.3.tgz. Extracting by manifest.
545 silly tarball no local data for undici-types@https://registry.npmjs.org/undici-types/-/undici-types-6.19.8.tgz. Extracting by manifest.
546 silly tarball no local data for @types/node@https://registry.npmjs.org/@types/node/-/node-22.9.0.tgz. Extracting by manifest.
547 silly tarball no local data for @types/keyv@https://registry.npmjs.org/@types/keyv/-/keyv-3.1.4.tgz. Extracting by manifest.
548 silly tarball no local data for @types/http-cache-semantics@https://registry.npmjs.org/@types/http-cache-semantics/-/http-cache-semantics-4.0.4.tgz. Extracting by manifest.
549 silly tarball no local data for defer-to-connect@https://registry.npmjs.org/defer-to-connect/-/defer-to-connect-2.0.1.tgz. Extracting by manifest.
550 silly tarball no local data for p-cancelable@https://registry.npmjs.org/p-cancelable/-/p-cancelable-2.1.1.tgz. Extracting by manifest.
551 silly tarball no local data for responselike@https://registry.npmjs.org/responselike/-/responselike-2.0.1.tgz. Extracting by manifest.
552 silly tarball no local data for lowercase-keys@https://registry.npmjs.org/lowercase-keys/-/lowercase-keys-2.0.0.tgz. Extracting by manifest.
553 silly tarball no local data for http2-wrapper@https://registry.npmjs.org/http2-wrapper/-/http2-wrapper-1.0.3.tgz. Extracting by manifest.
554 silly tarball no local data for decompress-response@https://registry.npmjs.org/decompress-response/-/decompress-response-6.0.0.tgz. Extracting by manifest.
555 silly tarball no local data for normalize-url@https://registry.npmjs.org/normalize-url/-/normalize-url-6.1.0.tgz. Extracting by manifest.
556 silly tarball no local data for cacheable-lookup@https://registry.npmjs.org/cacheable-lookup/-/cacheable-lookup-5.0.4.tgz. Extracting by manifest.
557 silly tarball no local data for @types/responselike@https://registry.npmjs.org/@types/responselike/-/responselike-1.0.3.tgz. Extracting by manifest.
558 silly tarball no local data for @szmarczak/http-timer@https://registry.npmjs.org/@szmarczak/http-timer/-/http-timer-4.0.6.tgz. Extracting by manifest.
559 silly tarball no local data for @sindresorhus/is@https://registry.npmjs.org/@sindresorhus/is/-/is-4.6.0.tgz. Extracting by manifest.
560 silly tarball no local data for semver-regex@https://registry.npmjs.org/semver-regex/-/semver-regex-4.0.5.tgz. Extracting by manifest.
561 silly tarball no local data for trim-repeated@https://registry.npmjs.org/trim-repeated/-/trim-repeated-2.0.0.tgz. Extracting by manifest.
562 silly tarball no local data for strip-outer@https://registry.npmjs.org/strip-outer/-/strip-outer-2.0.0.tgz. Extracting by manifest.
563 silly tarball no local data for filename-reserved-regex@https://registry.npmjs.org/filename-reserved-regex/-/filename-reserved-regex-3.0.0.tgz. Extracting by manifest.
564 silly tarball no local data for @types/cacheable-request@https://registry.npmjs.org/@types/cacheable-request/-/cacheable-request-6.0.3.tgz. Extracting by manifest.
565 silly tarball no local data for token-types@https://registry.npmjs.org/token-types/-/token-types-5.0.1.tgz. Extracting by manifest.
566 silly tarball no local data for readable-web-to-node-stream@https://registry.npmjs.org/readable-web-to-node-stream/-/readable-web-to-node-stream-3.0.2.tgz. Extracting by manifest.
567 silly tarball no local data for strtok3@https://registry.npmjs.org/strtok3/-/strtok3-7.1.1.tgz. Extracting by manifest.
568 silly tarball no local data for mime-db@https://registry.npmjs.org/mime-db/-/mime-db-1.53.0.tgz. Extracting by manifest.
569 silly tarball no local data for semver-truncate@https://registry.npmjs.org/semver-truncate/-/semver-truncate-3.0.0.tgz. Extracting by manifest.
570 silly tarball no local data for semver@https://registry.npmjs.org/semver/-/semver-7.6.3.tgz. Extracting by manifest.
571 silly tarball no local data for bin-version@https://registry.npmjs.org/bin-version/-/bin-version-6.0.0.tgz. Extracting by manifest.
572 silly tarball no local data for find-versions@https://registry.npmjs.org/find-versions/-/find-versions-5.1.0.tgz. Extracting by manifest.
573 silly tarball no local data for @swc/types@https://registry.npmjs.org/@swc/types/-/types-0.1.15.tgz. Extracting by manifest.
574 silly tarball no local data for @swc/core-darwin-arm64@https://registry.npmjs.org/@swc/core-darwin-arm64/-/core-darwin-arm64-1.9.2.tgz. Extracting by manifest.
575 silly tarball no local data for got@https://registry.npmjs.org/got/-/got-11.8.6.tgz. Extracting by manifest.
576 silly tarball no local data for @swc/counter@https://registry.npmjs.org/@swc/counter/-/counter-0.1.3.tgz. Extracting by manifest.
577 silly tarball no local data for filenamify@https://registry.npmjs.org/filenamify/-/filenamify-5.1.1.tgz. Extracting by manifest.
578 silly tarball no local data for file-type@https://registry.npmjs.org/file-type/-/file-type-17.1.6.tgz. Extracting by manifest.
579 silly tarball no local data for bin-version-check@https://registry.npmjs.org/bin-version-check/-/bin-version-check-5.1.0.tgz. Extracting by manifest.
580 silly tarball no local data for minimatch@https://registry.npmjs.org/minimatch/-/minimatch-9.0.5.tgz. Extracting by manifest.
581 silly tarball no local data for @mole-inc/bin-wrapper@https://registry.npmjs.org/@mole-inc/bin-wrapper/-/bin-wrapper-8.0.1.tgz. Extracting by manifest.
582 silly tarball no local data for @swc/core@https://registry.npmjs.org/@swc/core/-/core-1.9.2.tgz. Extracting by manifest.
583 silly tarball no local data for @swc/cli@https://registry.npmjs.org/@swc/cli/-/cli-0.1.65.tgz. Extracting by manifest.
584 silly tarball no local data for fsevents@https://registry.npmjs.org/fsevents/-/fsevents-2.3.2.tgz. Extracting by manifest.
585 silly tarball no local data for mimic-response@https://registry.npmjs.org/mimic-response/-/mimic-response-3.1.0.tgz. Extracting by manifest.
586 silly tarball no local data for get-stream@https://registry.npmjs.org/get-stream/-/get-stream-5.2.0.tgz. Extracting by manifest.
587 silly tarball no local data for shebang-regex@https://registry.npmjs.org/shebang-regex/-/shebang-regex-3.0.0.tgz. Extracting by manifest.
588 silly tarball no local data for shebang-command@https://registry.npmjs.org/shebang-command/-/shebang-command-2.0.0.tgz. Extracting by manifest.
589 silly tarball no local data for which@https://registry.npmjs.org/which/-/which-2.0.2.tgz. Extracting by manifest.
590 silly tarball no local data for cacheable-request@https://registry.npmjs.org/cacheable-request/-/cacheable-request-7.0.4.tgz. Extracting by manifest.
591 silly tarball no local data for npm-run-path@https://registry.npmjs.org/npm-run-path/-/npm-run-path-4.0.1.tgz. Extracting by manifest.
592 silly tarball no local data for path-key@https://registry.npmjs.org/path-key/-/path-key-3.1.1.tgz. Extracting by manifest.
593 silly tarball no local data for get-stream@https://registry.npmjs.org/get-stream/-/get-stream-6.0.1.tgz. Extracting by manifest.
594 silly tarball no local data for cross-spawn@https://registry.npmjs.org/cross-spawn/-/cross-spawn-7.0.5.tgz. Extracting by manifest.
595 silly tarball no local data for execa@https://registry.npmjs.org/execa/-/execa-5.1.1.tgz. Extracting by manifest.
596 silly tarball no local data for is-stream@https://registry.npmjs.org/is-stream/-/is-stream-2.0.1.tgz. Extracting by manifest.
597 timing reifyNode:node_modules/swc Completed in 100ms
598 timing reifyNode:node_modules/wrappy Completed in 106ms
599 timing reifyNode:node_modules/once Completed in 106ms
600 timing reifyNode:node_modules/end-of-stream Completed in 107ms
601 timing reifyNode:node_modules/shebang-regex Completed in 106ms
602 timing reifyNode:node_modules/is-plain-obj Completed in 106ms
603 timing reifyNode:node_modules/sort-keys Completed in 106ms
604 timing reifyNode:node_modules/path-key Completed in 106ms
605 timing reifyNode:node_modules/sort-keys-length Completed in 105ms
606 timing reifyNode:node_modules/ext-list Completed in 105ms
607 timing reifyNode:node_modules/mimic-response Completed in 106ms
608 timing reifyNode:node_modules/pify Completed in 105ms
609 timing reifyNode:node_modules/npm-run-path Completed in 105ms
610 timing reifyNode:node_modules/strip-eof Completed in 105ms
611 timing reifyNode:node_modules/shebang-command Completed in 105ms
612 timing reifyNode:node_modules/is-stream Completed in 105ms
613 timing reifyNode:node_modules/p-finally Completed in 105ms
614 timing reifyNode:node_modules/executable Completed in 104ms
615 timing reifyNode:node_modules/bin-check Completed in 103ms
616 timing reifyNode:node_modules/os-filter-obj Completed in 104ms
617 timing reifyNode:node_modules/run-parallel Completed in 103ms
618 timing reifyNode:node_modules/ext-name Completed in 104ms
619 timing reifyNode:node_modules/is-extglob Completed in 104ms
620 timing reifyNode:node_modules/is-number Completed in 104ms
621 timing reifyNode:node_modules/merge2 Completed in 104ms
622 timing reifyNode:node_modules/normalize-path Completed in 104ms
623 timing reifyNode:node_modules/ieee754 Completed in 108ms
624 timing reifyNode:node_modules/inherits Completed in 108ms
625 timing reifyNode:node_modules/signal-exit Completed in 107ms
626 timing reifyNode:node_modules/lru-cache Completed in 107ms
627 timing reifyNode:node_modules/get-stream Completed in 107ms
628 timing reifyNode:node_modules/slash Completed in 105ms
629 timing reifyNode:node_modules/to-regex-range Completed in 105ms
630 timing reifyNode:node_modules/queue-microtask Completed in 105ms
631 timing reifyNode:node_modules/is-glob Completed in 105ms
632 timing reifyNode:node_modules/glob-parent Completed in 106ms
633 timing reifyNode:node_modules/is-binary-path Completed in 106ms
634 timing reifyNode:node_modules/anymatch Completed in 106ms
635 timing reifyNode:node_modules/fill-range Completed in 106ms
636 timing reifyNode:node_modules/util-deprecate Completed in 110ms
637 timing reifyNode:node_modules/arch Completed in 110ms
638 timing reifyNode:node_modules/yallist Completed in 110ms
639 timing reifyNode:node_modules/micromatch Completed in 107ms
640 timing reifyNode:node_modules/pseudomap Completed in 111ms
641 timing reifyNode:node_modules/which Completed in 110ms
642 timing reifyNode:node_modules/readdirp Completed in 108ms
643 timing reifyNode:node_modules/content-disposition Completed in 108ms
644 timing reifyNode:node_modules/binary-extensions Completed in 108ms
645 timing reifyNode:node_modules/safe-buffer Completed in 111ms
646 timing reifyNode:node_modules/execa Completed in 110ms
647 timing reifyNode:node_modules/isexe Completed in 113ms
648 timing reifyNode:node_modules/reusify Completed in 112ms
649 http fetch GET 200 https://registry.npmjs.org/merge-stream/-/merge-stream-2.0.0.tgz 95ms (cache miss)
650 timing reifyNode:node_modules/merge-stream Completed in 119ms
651 timing reifyNode:node_modules/cross-spawn Completed in 118ms
652 timing reifyNode:node_modules/braces Completed in 116ms
653 timing reifyNode:node_modules/chokidar Completed in 117ms
654 timing reifyNode:node_modules/picomatch Completed in 118ms
655 timing reifyNode:node_modules/commander Completed in 118ms
656 timing reifyNode:node_modules/fastq Completed in 118ms
657 http fetch GET 200 https://registry.npmjs.org/brace-expansion/-/brace-expansion-2.0.1.tgz 94ms (cache miss)
658 timing reifyNode:node_modules/brace-expansion Completed in 122ms
659 http fetch GET 200 https://registry.npmjs.org/escape-string-regexp/-/escape-string-regexp-5.0.0.tgz 101ms (cache miss)
660 timing reifyNode:node_modules/escape-string-regexp Completed in 125ms
661 http fetch GET 200 https://registry.npmjs.org/onetime/-/onetime-5.1.2.tgz 103ms (cache miss)
662 timing reifyNode:node_modules/onetime Completed in 127ms
663 http fetch GET 200 https://registry.npmjs.org/balanced-match/-/balanced-match-1.0.2.tgz 99ms (cache miss)
664 timing reifyNode:node_modules/balanced-match Completed in 126ms
665 timing reifyNode:node_modules/@nodelib/fs.stat Completed in 123ms
666 http fetch GET 200 https://registry.npmjs.org/string_decoder/-/string_decoder-1.3.0.tgz 100ms (cache miss)
667 timing reifyNode:node_modules/string_decoder Completed in 126ms
668 timing reifyNode:node_modules/@nodelib/fs.scandir Completed in 126ms
669 http fetch GET 200 https://registry.npmjs.org/peek-readable/-/peek-readable-5.3.1.tgz 108ms (cache miss)
670 http fetch GET 200 https://registry.npmjs.org/human-signals/-/human-signals-2.1.0.tgz 109ms (cache miss)
671 http fetch GET 200 https://registry.npmjs.org/mimic-fn/-/mimic-fn-2.1.0.tgz 111ms (cache miss)
672 timing reifyNode:node_modules/mimic-fn Completed in 135ms
673 timing reifyNode:node_modules/@nodelib/fs.walk Completed in 131ms
674 timing reifyNode:node_modules/source-map Completed in 132ms
675 http fetch GET 200 https://registry.npmjs.org/json-buffer/-/json-buffer-3.0.1.tgz 106ms (cache miss)
676 timing reifyNode:node_modules/json-buffer Completed in 135ms
677 http fetch GET 200 https://registry.npmjs.org/pump/-/pump-3.0.2.tgz 114ms (cache miss)
678 http fetch GET 200 https://registry.npmjs.org/strip-final-newline/-/strip-final-newline-2.0.0.tgz 113ms (cache miss)
679 timing reifyNode:node_modules/strip-final-newline Completed in 137ms
680 timing reifyNode:node_modules/pump Completed in 137ms
681 timing reifyNode:node_modules/peek-readable Completed in 136ms
682 timing reifyNode:node_modules/human-signals Completed in 137ms
683 http fetch GET 200 https://registry.npmjs.org/@tokenizer/token/-/token-0.3.0.tgz 113ms (cache miss)
684 timing reifyNode:node_modules/@tokenizer/token Completed in 138ms
685 http fetch GET 200 https://registry.npmjs.org/readable-stream/-/readable-stream-3.6.2.tgz 113ms (cache miss)
686 timing reifyNode:node_modules/readable-stream Completed in 139ms
687 timing reifyNode:node_modules/fast-glob Completed in 137ms
688 http fetch GET 200 https://registry.npmjs.org/resolve-alpn/-/resolve-alpn-1.2.1.tgz 117ms (cache miss)
689 timing reifyNode:node_modules/resolve-alpn Completed in 146ms
690 http fetch GET 200 https://registry.npmjs.org/quick-lru/-/quick-lru-5.1.1.tgz 121ms (cache miss)
691 timing reifyNode:node_modules/quick-lru Completed in 151ms
692 http fetch GET 200 https://registry.npmjs.org/clone-response/-/clone-response-1.0.3.tgz 126ms (cache miss)
693 timing reifyNode:node_modules/clone-response Completed in 157ms
694 http fetch GET 200 https://registry.npmjs.org/keyv/-/keyv-4.5.4.tgz 128ms (cache miss)
695 timing reifyNode:node_modules/keyv Completed in 158ms
696 http fetch GET 200 https://registry.npmjs.org/http-cache-semantics/-/http-cache-semantics-4.1.1.tgz 131ms (cache miss)
697 timing reifyNode:node_modules/http-cache-semantics Completed in 161ms
698 http fetch GET 200 https://registry.npmjs.org/defer-to-connect/-/defer-to-connect-2.0.1.tgz 139ms (cache miss)
699 timing reifyNode:node_modules/defer-to-connect Completed in 170ms
700 http fetch GET 200 https://registry.npmjs.org/undici-types/-/undici-types-6.19.8.tgz 141ms (cache miss)
701 timing reifyNode:node_modules/undici-types Completed in 172ms
702 http fetch GET 200 https://registry.npmjs.org/responselike/-/responselike-2.0.1.tgz 147ms (cache miss)
703 timing reifyNode:node_modules/responselike Completed in 179ms
704 http fetch GET 200 https://registry.npmjs.org/p-cancelable/-/p-cancelable-2.1.1.tgz 169ms (cache miss)
705 timing reifyNode:node_modules/p-cancelable Completed in 201ms
706 http fetch GET 200 https://registry.npmjs.org/@types/http-cache-semantics/-/http-cache-semantics-4.0.4.tgz 171ms (cache miss)
707 timing reifyNode:node_modules/@types/http-cache-semantics Completed in 202ms
708 http fetch POST 200 https://registry.npmjs.org/-/npm/v1/security/advisories/bulk 205ms
709 timing auditReport:getReport Completed in 208ms
710 silly audit report {
710 silly audit report   braces: [
710 silly audit report     {
710 silly audit report       id: 1098094,
710 silly audit report       url: 'https://github.com/advisories/GHSA-grv7-fg5c-xmjg',
710 silly audit report       title: 'Uncontrolled resource consumption in braces',
710 silly audit report       severity: 'high',
710 silly audit report       vulnerable_versions: '<3.0.3',
710 silly audit report       cwe: [Array],
710 silly audit report       cvss: [Object]
710 silly audit report     }
710 silly audit report   ],
710 silly audit report   micromatch: [
710 silly audit report     {
710 silly audit report       id: 1098681,
710 silly audit report       url: 'https://github.com/advisories/GHSA-952p-6rrq-rcjv',
710 silly audit report       title: 'Regular Expression Denial of Service (ReDoS) in micromatch',
710 silly audit report       severity: 'moderate',
710 silly audit report       vulnerable_versions: '<4.0.8',
710 silly audit report       cwe: [Array],
710 silly audit report       cvss: [Object]
710 silly audit report     }
710 silly audit report   ]
710 silly audit report }
711 http fetch GET 200 https://registry.npmjs.org/@types/keyv/-/keyv-3.1.4.tgz 172ms (cache miss)
712 timing reifyNode:node_modules/@types/keyv Completed in 204ms
713 http fetch GET 200 https://registry.npmjs.org/decompress-response/-/decompress-response-6.0.0.tgz 167ms (cache miss)
714 timing reifyNode:node_modules/decompress-response Completed in 203ms
715 timing metavuln:cache:get:security-advisory:braces:JiXBFkEDkUnBQLw3PO6emUmmm2JXqgEbh+FhB3SNDS8k6Z0wM20irrfaOjjxYuMxZaKaDudvR037mtEoeqZzXw== Completed in 1ms
716 timing metavuln:cache:get:security-advisory:micromatch:TlYHmS8BZBwkbsPHbTfH2/e91KJnOnqfC63ZoKdiRy+yt6biPd8BwjBdyfPUht1+ZO675I3Gg00RQPYaWiOm8Q== Completed in 1ms
717 http fetch GET 200 https://registry.npmjs.org/normalize-url/-/normalize-url-6.1.0.tgz 167ms (cache miss)
718 timing reifyNode:node_modules/normalize-url Completed in 205ms
719 http fetch GET 200 https://registry.npmjs.org/lowercase-keys/-/lowercase-keys-2.0.0.tgz 173ms (cache miss)
720 timing reifyNode:node_modules/lowercase-keys Completed in 205ms
721 http fetch GET 200 https://registry.npmjs.org/http2-wrapper/-/http2-wrapper-1.0.3.tgz 176ms (cache miss)
722 timing reifyNode:node_modules/http2-wrapper Completed in 211ms
723 http fetch GET 200 https://registry.npmjs.org/cacheable-lookup/-/cacheable-lookup-5.0.4.tgz 178ms (cache miss)
724 timing reifyNode:node_modules/cacheable-lookup Completed in 215ms
725 http fetch GET 200 https://registry.npmjs.org/@types/node/-/node-22.9.0.tgz 190ms (cache miss)
726 timing reifyNode:node_modules/@types/node Completed in 221ms
727 http fetch GET 200 https://registry.npmjs.org/@szmarczak/http-timer/-/http-timer-4.0.6.tgz 182ms (cache miss)
728 timing reifyNode:node_modules/@szmarczak/http-timer Completed in 222ms
729 http fetch GET 200 https://registry.npmjs.org/semver-regex/-/semver-regex-4.0.5.tgz 183ms (cache miss)
730 timing reifyNode:node_modules/semver-regex Completed in 224ms
731 http fetch GET 200 https://registry.npmjs.org/@types/responselike/-/responselike-1.0.3.tgz 191ms (cache miss)
732 timing reifyNode:node_modules/@types/responselike Completed in 229ms
733 http fetch GET 200 https://registry.npmjs.org/strtok3/-/strtok3-7.1.1.tgz 196ms (cache miss)
734 http fetch GET 200 https://registry.npmjs.org/filename-reserved-regex/-/filename-reserved-regex-3.0.0.tgz 199ms (cache miss)
735 timing reifyNode:node_modules/filename-reserved-regex Completed in 241ms
736 http fetch GET 200 https://registry.npmjs.org/strip-outer/-/strip-outer-2.0.0.tgz 200ms (cache miss)
737 timing reifyNode:node_modules/strip-outer Completed in 242ms
738 http fetch GET 200 https://registry.npmjs.org/trim-repeated/-/trim-repeated-2.0.0.tgz 201ms (cache miss)
739 timing reifyNode:node_modules/trim-repeated Completed in 242ms
740 http fetch GET 200 https://registry.npmjs.org/token-types/-/token-types-5.0.1.tgz 198ms (cache miss)
741 timing reifyNode:node_modules/token-types Completed in 242ms
742 timing reifyNode:node_modules/strtok3 Completed in 243ms
743 http fetch GET 200 https://registry.npmjs.org/semver-truncate/-/semver-truncate-3.0.0.tgz 198ms (cache miss)
744 timing reifyNode:node_modules/semver-truncate Completed in 243ms
745 http fetch GET 200 https://registry.npmjs.org/readable-web-to-node-stream/-/readable-web-to-node-stream-3.0.2.tgz 202ms (cache miss)
746 timing reifyNode:node_modules/readable-web-to-node-stream Completed in 246ms
747 http fetch GET 200 https://registry.npmjs.org/find-versions/-/find-versions-5.1.0.tgz 204ms (cache miss)
748 timing reifyNode:node_modules/find-versions Completed in 251ms
749 http fetch GET 200 https://registry.npmjs.org/semver/-/semver-7.6.3.tgz 213ms (cache miss)
750 timing reifyNode:node_modules/semver Completed in 259ms
751 http fetch GET 200 https://registry.npmjs.org/@types/cacheable-request/-/cacheable-request-6.0.3.tgz 220ms (cache miss)
752 timing reifyNode:node_modules/@types/cacheable-request Completed in 263ms
753 http fetch GET 200 https://registry.npmjs.org/bin-version/-/bin-version-6.0.0.tgz 223ms (cache miss)
754 timing reifyNode:node_modules/bin-version Completed in 269ms
755 http fetch GET 200 https://registry.npmjs.org/mime-db/-/mime-db-1.53.0.tgz 232ms (cache miss)
756 timing reifyNode:node_modules/mime-db Completed in 277ms
757 http fetch GET 200 https://registry.npmjs.org/@sindresorhus/is/-/is-4.6.0.tgz 257ms (cache miss)
758 http fetch GET 200 https://registry.npmjs.org/file-type/-/file-type-17.1.6.tgz 245ms (cache miss)
759 timing reifyNode:node_modules/@sindresorhus/is Completed in 298ms
760 timing reifyNode:node_modules/file-type Completed in 297ms
761 http fetch GET 200 https://registry.npmjs.org/filenamify/-/filenamify-5.1.1.tgz 247ms (cache miss)
762 timing reifyNode:node_modules/filenamify Completed in 298ms
763 http fetch GET 200 https://registry.npmjs.org/bin-version-check/-/bin-version-check-5.1.0.tgz 249ms (cache miss)
764 timing reifyNode:node_modules/bin-version-check Completed in 300ms
765 http fetch GET 200 https://registry.npmjs.org/got/-/got-11.8.6.tgz 258ms (cache miss)
766 http fetch GET 200 https://registry.npmjs.org/minimatch/-/minimatch-9.0.5.tgz 255ms (cache miss)
767 timing reifyNode:node_modules/minimatch Completed in 307ms
768 timing reifyNode:node_modules/got Completed in 308ms
769 http fetch GET 200 https://registry.npmjs.org/fsevents/-/fsevents-2.3.2.tgz 260ms (cache miss)
770 timing reifyNode:node_modules/fsevents Completed in 316ms
771 http fetch GET 200 https://registry.npmjs.org/@swc/core/-/core-1.9.2.tgz 265ms (cache miss)
772 timing reifyNode:node_modules/@swc/core Completed in 318ms
773 http fetch GET 200 https://registry.npmjs.org/@swc/counter/-/counter-0.1.3.tgz 270ms (cache miss)
774 timing reifyNode:node_modules/@swc/counter Completed in 321ms
775 http fetch GET 200 https://registry.npmjs.org/which/-/which-2.0.2.tgz 276ms (cache miss)
776 timing reifyNode:node_modules/bin-version/node_modules/which Completed in 336ms
777 http fetch GET 200 https://registry.npmjs.org/@mole-inc/bin-wrapper/-/bin-wrapper-8.0.1.tgz 283ms (cache miss)
778 timing reifyNode:node_modules/@mole-inc/bin-wrapper Completed in 335ms
779 http fetch GET 200 https://registry.npmjs.org/mimic-response/-/mimic-response-3.1.0.tgz 307ms (cache miss)
780 timing reifyNode:node_modules/decompress-response/node_modules/mimic-response Completed in 364ms
781 http fetch GET 200 https://registry.npmjs.org/cacheable-request/-/cacheable-request-7.0.4.tgz 303ms (cache miss)
782 timing reifyNode:node_modules/cacheable-request Completed in 365ms
783 http fetch GET 200 https://registry.npmjs.org/@swc/types/-/types-0.1.15.tgz 315ms (cache miss)
784 timing reifyNode:node_modules/@swc/types Completed in 365ms
785 http fetch GET 200 https://registry.npmjs.org/shebang-command/-/shebang-command-2.0.0.tgz 307ms (cache miss)
786 timing reifyNode:node_modules/bin-version/node_modules/shebang-command Completed in 366ms
787 http fetch GET 200 https://registry.npmjs.org/npm-run-path/-/npm-run-path-4.0.1.tgz 305ms (cache miss)
788 timing reifyNode:node_modules/bin-version/node_modules/npm-run-path Completed in 366ms
789 http fetch GET 200 https://registry.npmjs.org/get-stream/-/get-stream-5.2.0.tgz 309ms (cache miss)
790 timing reifyNode:node_modules/cacheable-request/node_modules/get-stream Completed in 367ms
791 http fetch GET 200 https://registry.npmjs.org/shebang-regex/-/shebang-regex-3.0.0.tgz 309ms (cache miss)
792 timing reifyNode:node_modules/bin-version/node_modules/shebang-regex Completed in 366ms
793 http fetch GET 200 https://registry.npmjs.org/cross-spawn/-/cross-spawn-7.0.5.tgz 303ms (cache miss)
794 timing reifyNode:node_modules/bin-version/node_modules/cross-spawn Completed in 367ms
795 http fetch GET 200 https://registry.npmjs.org/execa/-/execa-5.1.1.tgz 305ms (cache miss)
796 timing reifyNode:node_modules/bin-version/node_modules/execa Completed in 369ms
797 http fetch GET 200 https://registry.npmjs.org/@swc/cli/-/cli-0.1.65.tgz 317ms (cache miss)
798 timing reifyNode:node_modules/@swc/cli Completed in 371ms
799 http fetch GET 200 https://registry.npmjs.org/get-stream/-/get-stream-6.0.1.tgz 321ms (cache miss)
800 timing reifyNode:node_modules/bin-version/node_modules/get-stream Completed in 383ms
801 http fetch GET 200 https://registry.npmjs.org/path-key/-/path-key-3.1.1.tgz 323ms (cache miss)
802 timing reifyNode:node_modules/bin-version/node_modules/path-key Completed in 385ms
803 http fetch GET 200 https://registry.npmjs.org/is-stream/-/is-stream-2.0.1.tgz 329ms (cache miss)
804 timing reifyNode:node_modules/bin-version/node_modules/is-stream Completed in 394ms
805 http fetch GET 200 https://registry.npmjs.org/braces 192ms (cache updated)
806 timing metavuln:packument:braces Completed in 193ms
807 timing metavuln:load:security-advisory:braces:1098094 Completed in 1ms
808 timing metavuln:cache:put:security-advisory:braces:JiXBFkEDkUnBQLw3PO6emUmmm2JXqgEbh+FhB3SNDS8k6Z0wM20irrfaOjjxYuMxZaKaDudvR037mtEoeqZzXw== Completed in 1ms
809 timing metavuln:calculate:security-advisory:braces:1098094 Completed in 195ms
810 http fetch GET 200 https://registry.npmjs.org/micromatch 210ms (cache updated)
811 timing metavuln:packument:micromatch Completed in 210ms
812 timing metavuln:load:security-advisory:micromatch:1098681 Completed in 1ms
813 timing metavuln:cache:put:security-advisory:micromatch:TlYHmS8BZBwkbsPHbTfH2/e91KJnOnqfC63ZoKdiRy+yt6biPd8BwjBdyfPUht1+ZO675I3Gg00RQPYaWiOm8Q== Completed in 1ms
814 timing metavuln:calculate:security-advisory:micromatch:1098681 Completed in 212ms
815 timing metavuln:packument:chokidar Completed in 0ms
816 timing metavuln:cache:get:security-advisory:chokidar:LU+YLfVnn6vFXVAvnsGqd58Rz8g6tJ60ZMP+wazsDeQPoFbTHjxfCKIpn7lW6acFOIKvNjhthFMXqTIaWevt+w== Completed in 0ms
817 timing metavuln:load:security-advisory:chokidar:JiXBFkEDkUnBQLw3PO6emUmmm2JXqgEbh+FhB3SNDS8k6Z0wM20irrfaOjjxYuMxZaKaDudvR037mtEoeqZzXw== Completed in 3ms
818 timing metavuln:cache:get:security-advisory:micromatch:KLlQrQSexijh/BbB4FSM3fP0/MIDSj3iMiApgG1JwuVrHt48fzZ8fAIdgNu2TyvXdqnfHV2kIjol+N5OzsIiGQ== Completed in 3ms
819 timing metavuln:load:security-advisory:micromatch:JiXBFkEDkUnBQLw3PO6emUmmm2JXqgEbh+FhB3SNDS8k6Z0wM20irrfaOjjxYuMxZaKaDudvR037mtEoeqZzXw== Completed in 4ms
820 timing metavuln:cache:put:security-advisory:chokidar:LU+YLfVnn6vFXVAvnsGqd58Rz8g6tJ60ZMP+wazsDeQPoFbTHjxfCKIpn7lW6acFOIKvNjhthFMXqTIaWevt+w== Completed in 5ms
821 timing metavuln:calculate:security-advisory:chokidar:JiXBFkEDkUnBQLw3PO6emUmmm2JXqgEbh+FhB3SNDS8k6Z0wM20irrfaOjjxYuMxZaKaDudvR037mtEoeqZzXw== Completed in 8ms
822 timing metavuln:cache:put:security-advisory:micromatch:KLlQrQSexijh/BbB4FSM3fP0/MIDSj3iMiApgG1JwuVrHt48fzZ8fAIdgNu2TyvXdqnfHV2kIjol+N5OzsIiGQ== Completed in 1ms
823 timing metavuln:calculate:security-advisory:micromatch:JiXBFkEDkUnBQLw3PO6emUmmm2JXqgEbh+FhB3SNDS8k6Z0wM20irrfaOjjxYuMxZaKaDudvR037mtEoeqZzXw== Completed in 8ms
824 timing metavuln:cache:get:security-advisory:fast-glob:AbqaRkH/ah2E63AlsHQoSe4rzDu85g3nQo2oOGK8mDPpx8ODN4CyFz62hpRucknVgKWSODuNhHcd4w2oWa9y3w== Completed in 0ms
825 http fetch GET 200 https://registry.npmjs.org/fast-glob 86ms (cache updated)
826 timing metavuln:packument:fast-glob Completed in 86ms
827 timing metavuln:load:security-advisory:fast-glob:TlYHmS8BZBwkbsPHbTfH2/e91KJnOnqfC63ZoKdiRy+yt6biPd8BwjBdyfPUht1+ZO675I3Gg00RQPYaWiOm8Q== Completed in 2ms
828 timing metavuln:cache:put:security-advisory:fast-glob:AbqaRkH/ah2E63AlsHQoSe4rzDu85g3nQo2oOGK8mDPpx8ODN4CyFz62hpRucknVgKWSODuNhHcd4w2oWa9y3w== Completed in 1ms
829 timing metavuln:calculate:security-advisory:fast-glob:TlYHmS8BZBwkbsPHbTfH2/e91KJnOnqfC63ZoKdiRy+yt6biPd8BwjBdyfPUht1+ZO675I3Gg00RQPYaWiOm8Q== Completed in 89ms
830 timing auditReport:init Completed in 310ms
831 timing reify:audit Completed in 518ms
832 http fetch GET 200 https://registry.npmjs.org/@swc/core-darwin-arm64/-/core-darwin-arm64-1.9.2.tgz 918ms (cache miss)
833 timing reifyNode:node_modules/@swc/core-darwin-arm64 Completed in 968ms
834 timing reify:unpack Completed in 971ms
835 timing reify:unretire Completed in 0ms
836 timing build:queue Completed in 2ms
837 timing build:link:node_modules/which Completed in 1ms
838 timing build:link:node_modules/bin-version/node_modules/which Completed in 1ms
839 timing build:link:node_modules/semver Completed in 1ms
840 timing build:link:node_modules/@swc/cli Completed in 1ms
841 timing build:link Completed in 1ms
842 info run @swc/core@1.9.2 postinstall node_modules/@swc/core node postinstall.js
843 info run @swc/core@1.9.2 postinstall { code: 0, signal: null }
844 timing build:run:postinstall:node_modules/@swc/core Completed in 501ms
845 timing build:run:postinstall Completed in 501ms
846 timing build:deps Completed in 504ms
847 timing build Completed in 504ms
848 timing reify:build Completed in 505ms
849 timing reify:trash Completed in 1ms
850 timing reify:save Completed in 23ms
851 timing reify Completed in 4761ms
852 silly ADD node_modules/wrappy
853 silly ADD node_modules/once
854 silly ADD node_modules/end-of-stream
855 silly ADD node_modules/pump
856 silly ADD node_modules/mimic-fn
857 silly ADD node_modules/strip-final-newline
858 silly ADD node_modules/onetime
859 silly ADD node_modules/merge-stream
860 silly ADD node_modules/human-signals
861 silly ADD node_modules/isexe
862 silly ADD node_modules/escape-string-regexp
863 silly ADD node_modules/ieee754
864 silly ADD node_modules/peek-readable
865 silly ADD node_modules/@tokenizer/token
866 silly ADD node_modules/is-plain-obj
867 silly ADD node_modules/sort-keys
868 silly ADD node_modules/shebang-regex
869 silly ADD node_modules/util-deprecate
870 silly ADD node_modules/string_decoder
871 silly ADD node_modules/inherits
872 silly ADD node_modules/readable-stream
873 silly ADD node_modules/arch
874 silly ADD node_modules/path-key
875 silly ADD node_modules/balanced-match
876 silly ADD node_modules/brace-expansion
877 silly ADD node_modules/yallist
878 silly ADD node_modules/pseudomap
879 silly ADD node_modules/json-buffer
880 silly ADD node_modules/resolve-alpn
881 silly ADD node_modules/quick-lru
882 silly ADD node_modules/mimic-response
883 silly ADD node_modules/normalize-url
884 silly ADD node_modules/keyv
885 silly ADD node_modules/http-cache-semantics
886 silly ADD node_modules/clone-response
887 silly ADD node_modules/undici-types
888 silly ADD node_modules/@types/node
889 silly ADD node_modules/@types/keyv
890 silly ADD node_modules/@types/http-cache-semantics
891 silly ADD node_modules/defer-to-connect
892 silly ADD node_modules/responselike
893 silly ADD node_modules/p-cancelable
894 silly ADD node_modules/lowercase-keys
895 silly ADD node_modules/http2-wrapper
896 silly ADD node_modules/decompress-response
897 silly ADD node_modules/decompress-response/node_modules/mimic-response
898 silly ADD node_modules/cacheable-request
899 silly ADD node_modules/cacheable-request/node_modules/get-stream
900 silly ADD node_modules/cacheable-lookup
901 silly ADD node_modules/@types/responselike
902 silly ADD node_modules/@types/cacheable-request
903 silly ADD node_modules/@szmarczak/http-timer
904 silly ADD node_modules/@sindresorhus/is
905 silly ADD node_modules/semver-regex
906 silly ADD node_modules/trim-repeated
907 silly ADD node_modules/strip-outer
908 silly ADD node_modules/filename-reserved-regex
909 silly ADD node_modules/token-types
910 silly ADD node_modules/strtok3
911 silly ADD node_modules/readable-web-to-node-stream
912 silly ADD node_modules/mime-db
913 silly ADD node_modules/sort-keys-length
914 silly ADD node_modules/ext-list
915 silly ADD node_modules/pify
916 silly ADD node_modules/which
917 silly ADD node_modules/shebang-command
918 silly ADD node_modules/lru-cache
919 silly ADD node_modules/strip-eof
920 silly ADD node_modules/signal-exit
921 silly ADD node_modules/p-finally
922 silly ADD node_modules/npm-run-path
923 silly ADD node_modules/is-stream
924 silly ADD node_modules/get-stream
925 silly ADD node_modules/cross-spawn
926 silly ADD node_modules/safe-buffer
927 silly ADD node_modules/find-versions
928 silly ADD node_modules/semver-truncate
929 silly ADD node_modules/semver
930 silly ADD node_modules/bin-version
931 silly ADD node_modules/bin-version/node_modules/shebang-regex
932 silly ADD node_modules/bin-version/node_modules/which
933 silly ADD node_modules/bin-version/node_modules/shebang-command
934 silly ADD node_modules/bin-version/node_modules/path-key
935 silly ADD node_modules/bin-version/node_modules/npm-run-path
936 silly ADD node_modules/bin-version/node_modules/is-stream
937 silly ADD node_modules/bin-version/node_modules/get-stream
938 silly ADD node_modules/bin-version/node_modules/cross-spawn
939 silly ADD node_modules/bin-version/node_modules/execa
940 silly ADD node_modules/executable
941 silly ADD node_modules/execa
942 silly ADD node_modules/@swc/types
943 silly ADD node_modules/@swc/counter
944 silly ADD
945 silly ADD
946 silly ADD
947 silly ADD
948 silly ADD
949 silly ADD
950 silly ADD
951 silly ADD
952 silly ADD
953 silly ADD node_modules/@swc/core-darwin-arm64
954 silly ADD node_modules/os-filter-obj
955 silly ADD node_modules/got
956 silly ADD node_modules/filenamify
957 silly ADD node_modules/file-type
958 silly ADD node_modules/ext-name
959 silly ADD node_modules/content-disposition
960 silly ADD node_modules/bin-version-check
961 silly ADD node_modules/bin-check
962 silly ADD node_modules/minimatch
963 silly ADD node_modules/@mole-inc/bin-wrapper
964 silly ADD node_modules/@swc/core
965 silly ADD node_modules/@swc/cli
966 silly ADD node_modules/to-regex-range
967 silly ADD node_modules/swc
968 silly ADD node_modules/source-map
969 silly ADD node_modules/slash
970 silly ADD node_modules/run-parallel
971 silly ADD node_modules/reusify
972 silly ADD node_modules/readdirp
973 silly ADD node_modules/queue-microtask
974 silly ADD node_modules/picomatch
975 silly ADD node_modules/normalize-path
976 silly ADD node_modules/micromatch
977 silly ADD node_modules/merge2
978 silly ADD node_modules/is-number
979 silly ADD node_modules/is-glob
980 silly ADD node_modules/is-extglob
981 silly ADD node_modules/is-binary-path
982 silly ADD node_modules/glob-parent
983 silly ADD node_modules/fsevents
984 silly ADD node_modules/fill-range
985 silly ADD node_modules/fastq
986 silly ADD node_modules/fast-glob
987 silly ADD node_modules/commander
988 silly ADD node_modules/chokidar
989 silly ADD node_modules/braces
990 silly ADD node_modules/binary-extensions
991 silly ADD node_modules/anymatch
992 silly ADD node_modules/@nodelib/fs.walk
993 silly ADD node_modules/@nodelib/fs.stat
994 silly ADD node_modules/@nodelib/fs.scandir
995 timing command:install Completed in 4765ms
996 verbose exit 0
997 timing npm Completed in 4782ms
998 info ok
